gain	0	1	-94.45
gain	1	0	-95.72
gain	0	2	-90.68
gain	2	0	-95.09
gain	0	3	-94.06
gain	3	0	-95.79
gain	0	4	-86.36
gain	4	0	-83.80
gain	0	5	-83.93
gain	5	0	-83.45
gain	0	6	-80.93
gain	6	0	-81.80
gain	0	7	-92.60
gain	7	0	-97.16
gain	0	8	-86.45
gain	8	0	-89.39
gain	0	9	-80.57
gain	9	0	-82.60
gain	0	10	-78.62
gain	10	0	-75.38
gain	0	11	-90.18
gain	11	0	-95.41
gain	0	12	-62.88
gain	12	0	-64.28
gain	0	13	-88.79
gain	13	0	-96.58
gain	0	14	-52.78
gain	14	0	-56.00
gain	0	15	-93.08
gain	15	0	-95.62
gain	0	16	-88.07
gain	16	0	-84.43
gain	0	17	-89.48
gain	17	0	-96.18
gain	0	18	-88.20
gain	18	0	-90.89
gain	0	19	-86.87
gain	19	0	-92.37
gain	0	20	-88.59
gain	20	0	-86.50
gain	0	21	-91.95
gain	21	0	-95.87
gain	0	22	-87.97
gain	22	0	-92.96
gain	0	23	-78.46
gain	23	0	-80.05
gain	0	24	-82.76
gain	24	0	-89.45
gain	0	25	-77.35
gain	25	0	-86.81
gain	0	26	-76.96
gain	26	0	-79.36
gain	0	27	-67.51
gain	27	0	-75.87
gain	0	28	-80.69
gain	28	0	-81.06
gain	0	29	-91.66
gain	29	0	-93.19
gain	0	30	-87.83
gain	30	0	-87.74
gain	0	31	-66.60
gain	31	0	-68.31
gain	0	32	-87.78
gain	32	0	-91.13
gain	0	33	-73.91
gain	33	0	-81.26
gain	0	34	-87.35
gain	34	0	-90.75
gain	0	35	-66.22
gain	35	0	-74.04
gain	0	36	-92.86
gain	36	0	-96.41
gain	0	37	-73.22
gain	37	0	-74.87
gain	0	38	-84.02
gain	38	0	-88.10
gain	0	39	-89.43
gain	39	0	-95.26
gain	0	40	-76.42
gain	40	0	-75.68
gain	0	41	-77.84
gain	41	0	-77.38
gain	0	42	-74.99
gain	42	0	-78.76
gain	0	43	-77.73
gain	43	0	-77.56
gain	0	44	-83.31
gain	44	0	-83.50
gain	0	45	-85.77
gain	45	0	-91.42
gain	0	46	-86.63
gain	46	0	-87.46
gain	0	47	-74.93
gain	47	0	-74.73
gain	0	48	-78.36
gain	48	0	-77.60
gain	1	2	-78.47
gain	2	1	-81.60
gain	1	3	-89.76
gain	3	1	-90.22
gain	1	4	-77.45
gain	4	1	-73.62
gain	1	5	-70.65
gain	5	1	-68.91
gain	1	6	-82.29
gain	6	1	-81.89
gain	1	7	-82.45
gain	7	1	-85.75
gain	1	8	-85.87
gain	8	1	-87.54
gain	1	9	-85.15
gain	9	1	-85.92
gain	1	10	-83.01
gain	10	1	-78.51
gain	1	11	-77.62
gain	11	1	-81.58
gain	1	12	-89.69
gain	12	1	-89.82
gain	1	13	-70.77
gain	13	1	-77.30
gain	1	14	-91.08
gain	14	1	-93.03
gain	1	15	-74.86
gain	15	1	-76.14
gain	1	16	-77.43
gain	16	1	-72.52
gain	1	17	-69.13
gain	17	1	-74.57
gain	1	18	-77.27
gain	18	1	-78.70
gain	1	19	-95.59
gain	19	1	-99.83
gain	1	20	-89.82
gain	20	1	-86.46
gain	1	21	-64.63
gain	21	1	-67.29
gain	1	22	-87.08
gain	22	1	-90.81
gain	1	23	-81.35
gain	23	1	-81.68
gain	1	24	-77.23
gain	24	1	-82.65
gain	1	25	-84.38
gain	25	1	-92.57
gain	1	26	-84.09
gain	26	1	-85.23
gain	1	27	-99.22
gain	27	1	-106.31
gain	1	28	-90.73
gain	28	1	-89.83
gain	1	29	-89.31
gain	29	1	-89.58
gain	1	30	-74.04
gain	30	1	-72.68
gain	1	31	-86.11
gain	31	1	-86.55
gain	1	32	-77.29
gain	32	1	-79.38
gain	1	33	-93.45
gain	33	1	-99.53
gain	1	34	-87.51
gain	34	1	-89.64
gain	1	35	-86.70
gain	35	1	-93.25
gain	1	36	-72.22
gain	36	1	-74.50
gain	1	37	-82.24
gain	37	1	-82.62
gain	1	38	-86.95
gain	38	1	-89.76
gain	1	39	-74.88
gain	39	1	-79.44
gain	1	40	-71.49
gain	40	1	-69.49
gain	1	41	-83.07
gain	41	1	-81.34
gain	1	42	-86.17
gain	42	1	-88.67
gain	1	43	-88.64
gain	43	1	-87.20
gain	1	44	-74.50
gain	44	1	-73.43
gain	1	45	-80.65
gain	45	1	-85.04
gain	1	46	-75.90
gain	46	1	-75.46
gain	1	47	-88.53
gain	47	1	-87.07
gain	1	48	-84.54
gain	48	1	-82.52
gain	2	3	-88.67
gain	3	2	-86.00
gain	2	4	-75.90
gain	4	2	-68.93
gain	2	5	-80.24
gain	5	2	-75.36
gain	2	6	-96.71
gain	6	2	-93.18
gain	2	7	-88.18
gain	7	2	-88.34
gain	2	8	-96.49
gain	8	2	-95.03
gain	2	9	-92.08
gain	9	2	-89.71
gain	2	10	-89.91
gain	10	2	-82.27
gain	2	11	-74.02
gain	11	2	-74.84
gain	2	12	-98.73
gain	12	2	-95.73
gain	2	13	-89.67
gain	13	2	-93.06
gain	2	14	-89.13
gain	14	2	-87.94
gain	2	15	-86.22
gain	15	2	-84.36
gain	2	16	-90.20
gain	16	2	-82.16
gain	2	17	-79.89
gain	17	2	-82.19
gain	2	18	-90.18
gain	18	2	-88.47
gain	2	19	-94.36
gain	19	2	-95.46
gain	2	20	-101.04
gain	20	2	-94.55
gain	2	21	-79.03
gain	21	2	-78.55
gain	2	22	-90.74
gain	22	2	-91.33
gain	2	23	-91.52
gain	23	2	-88.72
gain	2	24	-93.19
gain	24	2	-95.47
gain	2	25	-89.41
gain	25	2	-94.46
gain	2	26	-87.14
gain	26	2	-85.14
gain	2	27	-97.22
gain	27	2	-101.17
gain	2	28	-91.62
gain	28	2	-87.59
gain	2	29	-91.88
gain	29	2	-89.01
gain	2	30	-81.24
gain	30	2	-76.75
gain	2	31	-102.06
gain	31	2	-99.36
gain	2	32	-87.06
gain	32	2	-86.01
gain	2	33	-95.10
gain	33	2	-98.05
gain	2	34	-93.72
gain	34	2	-92.71
gain	2	35	-100.95
gain	35	2	-104.37
gain	2	36	-91.05
gain	36	2	-90.20
gain	2	37	-85.38
gain	37	2	-82.63
gain	2	38	-89.38
gain	38	2	-89.06
gain	2	39	-93.17
gain	39	2	-94.60
gain	2	40	-86.28
gain	40	2	-81.13
gain	2	41	-96.89
gain	41	2	-92.02
gain	2	42	-97.87
gain	42	2	-97.24
gain	2	43	-98.52
gain	43	2	-93.94
gain	2	44	-83.54
gain	44	2	-79.32
gain	2	45	-98.57
gain	45	2	-99.83
gain	2	46	-90.06
gain	46	2	-86.48
gain	2	47	-101.96
gain	47	2	-97.35
gain	2	48	-95.83
gain	48	2	-90.67
gain	3	4	-87.99
gain	4	3	-83.69
gain	3	5	-83.24
gain	5	3	-81.03
gain	3	6	-81.19
gain	6	3	-80.33
gain	3	7	-59.48
gain	7	3	-62.31
gain	3	8	-88.88
gain	8	3	-90.09
gain	3	9	-88.27
gain	9	3	-88.57
gain	3	10	-83.09
gain	10	3	-78.12
gain	3	11	-80.30
gain	11	3	-83.79
gain	3	12	-91.21
gain	12	3	-90.88
gain	3	13	-74.63
gain	13	3	-80.69
gain	3	14	-94.15
gain	14	3	-95.64
gain	3	15	-87.80
gain	15	3	-88.62
gain	3	16	-94.20
gain	16	3	-88.83
gain	3	17	-85.48
gain	17	3	-90.44
gain	3	18	-82.21
gain	18	3	-83.17
gain	3	19	-94.01
gain	19	3	-97.79
gain	3	20	-96.39
gain	20	3	-92.57
gain	3	21	-87.86
gain	21	3	-90.04
gain	3	22	-90.50
gain	22	3	-93.76
gain	3	23	-88.40
gain	23	3	-88.27
gain	3	24	-78.17
gain	24	3	-83.13
gain	3	25	-84.54
gain	25	3	-92.27
gain	3	26	-80.72
gain	26	3	-81.39
gain	3	27	-94.74
gain	27	3	-101.36
gain	3	28	-76.00
gain	28	3	-74.64
gain	3	29	-81.46
gain	29	3	-81.26
gain	3	30	-93.99
gain	30	3	-92.17
gain	3	31	-89.82
gain	31	3	-89.79
gain	3	32	-90.72
gain	32	3	-92.34
gain	3	33	-92.93
gain	33	3	-98.54
gain	3	34	-96.74
gain	34	3	-98.40
gain	3	35	-92.24
gain	35	3	-98.33
gain	3	36	-86.89
gain	36	3	-88.71
gain	3	37	-79.70
gain	37	3	-79.62
gain	3	38	-71.81
gain	38	3	-74.16
gain	3	39	-72.05
gain	39	3	-76.15
gain	3	40	-79.22
gain	40	3	-76.75
gain	3	41	-58.51
gain	41	3	-56.31
gain	3	42	-89.26
gain	42	3	-91.30
gain	3	43	-83.05
gain	43	3	-81.14
gain	3	44	-78.76
gain	44	3	-77.22
gain	3	45	-77.88
gain	45	3	-81.81
gain	3	46	-90.19
gain	46	3	-89.28
gain	3	47	-88.25
gain	47	3	-86.32
gain	3	48	-91.98
gain	48	3	-89.49
gain	4	5	-81.12
gain	5	4	-83.21
gain	4	6	-89.45
gain	6	4	-92.89
gain	4	7	-76.58
gain	7	4	-83.71
gain	4	8	-88.28
gain	8	4	-93.79
gain	4	9	-84.33
gain	9	4	-88.93
gain	4	10	-84.64
gain	10	4	-83.97
gain	4	11	-72.66
gain	11	4	-80.45
gain	4	12	-89.82
gain	12	4	-93.79
gain	4	13	-70.15
gain	13	4	-80.51
gain	4	14	-84.34
gain	14	4	-90.13
gain	4	15	-80.88
gain	15	4	-85.99
gain	4	16	-82.22
gain	16	4	-81.15
gain	4	17	-77.55
gain	17	4	-86.81
gain	4	18	-85.57
gain	18	4	-90.83
gain	4	19	-94.39
gain	19	4	-102.46
gain	4	20	-85.75
gain	20	4	-86.23
gain	4	21	-72.59
gain	21	4	-79.08
gain	4	22	-88.49
gain	22	4	-96.05
gain	4	23	-92.13
gain	23	4	-96.29
gain	4	24	-74.01
gain	24	4	-83.26
gain	4	25	-85.79
gain	25	4	-97.81
gain	4	26	-82.71
gain	26	4	-87.68
gain	4	27	-95.95
gain	27	4	-106.87
gain	4	28	-94.20
gain	28	4	-97.14
gain	4	29	-89.13
gain	29	4	-93.23
gain	4	30	-75.05
gain	30	4	-77.52
gain	4	31	-91.09
gain	31	4	-95.37
gain	4	32	-78.84
gain	32	4	-84.76
gain	4	33	-88.97
gain	33	4	-98.89
gain	4	34	-87.65
gain	34	4	-93.61
gain	4	35	-91.04
gain	35	4	-101.43
gain	4	36	-81.02
gain	36	4	-87.14
gain	4	37	-86.92
gain	37	4	-91.14
gain	4	38	-83.32
gain	38	4	-89.97
gain	4	39	-76.67
gain	39	4	-85.07
gain	4	40	-82.52
gain	40	4	-84.35
gain	4	41	-88.58
gain	41	4	-90.68
gain	4	42	-91.44
gain	42	4	-97.77
gain	4	43	-80.98
gain	43	4	-83.38
gain	4	44	-74.17
gain	44	4	-76.93
gain	4	45	-84.59
gain	45	4	-92.82
gain	4	46	-83.49
gain	46	4	-86.89
gain	4	47	-88.81
gain	47	4	-91.17
gain	4	48	-84.29
gain	48	4	-86.11
gain	5	6	-85.53
gain	6	5	-86.88
gain	5	7	-89.88
gain	7	5	-94.93
gain	5	8	-90.45
gain	8	5	-93.87
gain	5	9	-72.88
gain	9	5	-75.39
gain	5	10	-75.67
gain	10	5	-72.91
gain	5	11	-87.19
gain	11	5	-92.90
gain	5	12	-85.24
gain	12	5	-87.12
gain	5	13	-75.85
gain	13	5	-84.12
gain	5	14	-92.93
gain	14	5	-96.63
gain	5	15	-59.95
gain	15	5	-62.97
gain	5	16	-63.73
gain	16	5	-60.57
gain	5	17	-64.08
gain	17	5	-71.26
gain	5	18	-59.45
gain	18	5	-62.62
gain	5	19	-80.83
gain	19	5	-86.81
gain	5	20	-80.55
gain	20	5	-78.94
gain	5	21	-73.45
gain	21	5	-77.84
gain	5	22	-83.72
gain	22	5	-89.19
gain	5	23	-71.08
gain	23	5	-73.16
gain	5	24	-81.72
gain	24	5	-88.89
gain	5	25	-71.47
gain	25	5	-81.41
gain	5	26	-74.95
gain	26	5	-77.83
gain	5	27	-92.86
gain	27	5	-101.69
gain	5	28	-79.32
gain	28	5	-80.17
gain	5	29	-86.84
gain	29	5	-88.85
gain	5	30	-72.01
gain	30	5	-72.40
gain	5	31	-84.30
gain	31	5	-86.49
gain	5	32	-59.39
gain	32	5	-63.23
gain	5	33	-83.11
gain	33	5	-90.93
gain	5	34	-77.18
gain	34	5	-81.06
gain	5	35	-84.20
gain	35	5	-92.50
gain	5	36	-71.28
gain	36	5	-75.31
gain	5	37	-75.35
gain	37	5	-77.48
gain	5	38	-89.04
gain	38	5	-93.60
gain	5	39	-76.39
gain	39	5	-82.69
gain	5	40	-77.88
gain	40	5	-77.62
gain	5	41	-85.64
gain	41	5	-85.65
gain	5	42	-80.03
gain	42	5	-84.28
gain	5	43	-74.31
gain	43	5	-74.61
gain	5	44	-81.38
gain	44	5	-82.05
gain	5	45	-87.54
gain	45	5	-93.68
gain	5	46	-65.63
gain	46	5	-66.94
gain	5	47	-87.21
gain	47	5	-87.49
gain	5	48	-83.93
gain	48	5	-83.66
gain	6	7	-86.96
gain	7	6	-90.65
gain	6	8	-92.97
gain	8	6	-95.04
gain	6	9	-70.59
gain	9	6	-71.75
gain	6	10	-80.28
gain	10	6	-76.17
gain	6	11	-84.08
gain	11	6	-88.43
gain	6	12	-81.08
gain	12	6	-81.60
gain	6	13	-79.61
gain	13	6	-86.53
gain	6	14	-73.27
gain	14	6	-75.62
gain	6	15	-78.67
gain	15	6	-80.34
gain	6	16	-84.63
gain	16	6	-80.12
gain	6	17	-82.53
gain	17	6	-88.36
gain	6	18	-79.35
gain	18	6	-81.17
gain	6	19	-90.68
gain	19	6	-95.31
gain	6	20	-90.71
gain	20	6	-87.75
gain	6	21	-75.75
gain	21	6	-78.80
gain	6	22	-86.20
gain	22	6	-90.32
gain	6	23	-72.42
gain	23	6	-73.15
gain	6	24	-75.81
gain	24	6	-81.62
gain	6	25	-74.89
gain	25	6	-83.48
gain	6	26	-79.08
gain	26	6	-80.61
gain	6	27	-87.91
gain	27	6	-95.39
gain	6	28	-76.02
gain	28	6	-75.52
gain	6	29	-82.03
gain	29	6	-82.70
gain	6	30	-89.72
gain	30	6	-88.76
gain	6	31	-84.93
gain	31	6	-85.77
gain	6	32	-82.27
gain	32	6	-84.76
gain	6	33	-59.95
gain	33	6	-66.43
gain	6	34	-86.12
gain	34	6	-88.64
gain	6	35	-72.08
gain	35	6	-79.03
gain	6	36	-89.44
gain	36	6	-92.12
gain	6	37	-67.97
gain	37	6	-68.74
gain	6	38	-74.21
gain	38	6	-77.42
gain	6	39	-73.17
gain	39	6	-78.12
gain	6	40	-65.34
gain	40	6	-63.73
gain	6	41	-86.03
gain	41	6	-84.69
gain	6	42	-86.72
gain	42	6	-89.62
gain	6	43	-81.49
gain	43	6	-80.45
gain	6	44	-75.37
gain	44	6	-74.69
gain	6	45	-82.66
gain	45	6	-87.44
gain	6	46	-87.71
gain	46	6	-87.67
gain	6	47	-68.97
gain	47	6	-67.90
gain	6	48	-82.83
gain	48	6	-81.20
gain	7	8	-98.44
gain	8	7	-96.82
gain	7	9	-86.60
gain	9	7	-84.06
gain	7	10	-94.23
gain	10	7	-86.44
gain	7	11	-79.31
gain	11	7	-79.97
gain	7	12	-97.22
gain	12	7	-94.06
gain	7	13	-85.54
gain	13	7	-88.77
gain	7	14	-95.97
gain	14	7	-94.63
gain	7	15	-96.71
gain	15	7	-94.69
gain	7	16	-87.66
gain	16	7	-79.46
gain	7	17	-93.65
gain	17	7	-95.78
gain	7	18	-92.20
gain	18	7	-90.33
gain	7	19	-92.44
gain	19	7	-93.39
gain	7	20	-100.27
gain	20	7	-93.62
gain	7	21	-79.40
gain	21	7	-78.76
gain	7	22	-94.36
gain	22	7	-94.79
gain	7	23	-88.05
gain	23	7	-85.09
gain	7	24	-82.07
gain	24	7	-84.20
gain	7	25	-90.86
gain	25	7	-95.75
gain	7	26	-95.48
gain	26	7	-93.32
gain	7	27	-96.17
gain	27	7	-99.96
gain	7	28	-86.06
gain	28	7	-81.87
gain	7	29	-79.18
gain	29	7	-76.16
gain	7	30	-89.52
gain	30	7	-84.87
gain	7	31	-95.53
gain	31	7	-92.67
gain	7	32	-90.09
gain	32	7	-88.89
gain	7	33	-88.26
gain	33	7	-91.05
gain	7	34	-96.05
gain	34	7	-94.88
gain	7	35	-96.96
gain	35	7	-100.22
gain	7	36	-85.74
gain	36	7	-84.73
gain	7	37	-93.80
gain	37	7	-90.89
gain	7	38	-81.64
gain	38	7	-81.16
gain	7	39	-82.54
gain	39	7	-83.81
gain	7	40	-85.64
gain	40	7	-80.34
gain	7	41	-67.68
gain	41	7	-62.65
gain	7	42	-93.51
gain	42	7	-92.72
gain	7	43	-99.00
gain	43	7	-94.26
gain	7	44	-74.72
gain	44	7	-70.35
gain	7	45	-72.23
gain	45	7	-73.32
gain	7	46	-91.71
gain	46	7	-87.97
gain	7	47	-81.07
gain	47	7	-76.31
gain	7	48	-97.52
gain	48	7	-92.20
gain	8	9	-85.68
gain	9	8	-84.77
gain	8	10	-80.35
gain	10	8	-74.17
gain	8	11	-90.98
gain	11	8	-93.27
gain	8	12	-90.58
gain	12	8	-89.04
gain	8	13	-94.27
gain	13	8	-99.12
gain	8	14	-90.88
gain	14	8	-91.16
gain	8	15	-93.15
gain	15	8	-92.75
gain	8	16	-75.75
gain	16	8	-69.17
gain	8	17	-89.06
gain	17	8	-92.81
gain	8	18	-86.32
gain	18	8	-86.07
gain	8	19	-72.93
gain	19	8	-75.50
gain	8	20	-67.91
gain	20	8	-62.88
gain	8	21	-86.41
gain	21	8	-87.39
gain	8	22	-78.36
gain	22	8	-80.40
gain	8	23	-88.92
gain	23	8	-87.58
gain	8	24	-93.45
gain	24	8	-97.19
gain	8	25	-89.74
gain	25	8	-96.25
gain	8	26	-94.73
gain	26	8	-94.19
gain	8	27	-92.61
gain	27	8	-98.02
gain	8	28	-109.88
gain	28	8	-107.30
gain	8	29	-103.21
gain	29	8	-101.80
gain	8	30	-82.07
gain	30	8	-79.04
gain	8	31	-92.30
gain	31	8	-91.06
gain	8	32	-84.29
gain	32	8	-84.70
gain	8	33	-87.26
gain	33	8	-91.67
gain	8	34	-62.24
gain	34	8	-62.69
gain	8	35	-92.64
gain	35	8	-97.52
gain	8	36	-88.39
gain	36	8	-89.00
gain	8	37	-96.80
gain	37	8	-95.51
gain	8	38	-99.67
gain	38	8	-100.81
gain	8	39	-89.63
gain	39	8	-92.51
gain	8	40	-93.04
gain	40	8	-89.36
gain	8	41	-96.04
gain	41	8	-92.63
gain	8	42	-82.50
gain	42	8	-83.33
gain	8	43	-82.05
gain	43	8	-78.94
gain	8	44	-97.16
gain	44	8	-94.41
gain	8	45	-94.45
gain	45	8	-97.17
gain	8	46	-79.15
gain	46	8	-77.04
gain	8	47	-90.55
gain	47	8	-87.40
gain	8	48	-72.59
gain	48	8	-68.89
gain	9	10	-85.65
gain	10	9	-80.38
gain	9	11	-84.49
gain	11	9	-87.69
gain	9	12	-77.79
gain	12	9	-77.15
gain	9	13	-90.88
gain	13	9	-96.64
gain	9	14	-79.05
gain	14	9	-80.24
gain	9	15	-80.13
gain	15	9	-80.65
gain	9	16	-81.66
gain	16	9	-75.99
gain	9	17	-81.81
gain	17	9	-86.48
gain	9	18	-75.67
gain	18	9	-76.33
gain	9	19	-88.88
gain	19	9	-92.35
gain	9	20	-78.24
gain	20	9	-74.12
gain	9	21	-82.10
gain	21	9	-83.98
gain	9	22	-85.34
gain	22	9	-88.30
gain	9	23	-65.47
gain	23	9	-65.04
gain	9	24	-86.05
gain	24	9	-90.70
gain	9	25	-67.48
gain	25	9	-74.91
gain	9	26	-55.18
gain	26	9	-55.55
gain	9	27	-85.01
gain	27	9	-91.33
gain	9	28	-85.36
gain	28	9	-83.70
gain	9	29	-91.69
gain	29	9	-91.19
gain	9	30	-83.86
gain	30	9	-81.74
gain	9	31	-78.34
gain	31	9	-78.02
gain	9	32	-78.89
gain	32	9	-80.21
gain	9	33	-75.73
gain	33	9	-81.05
gain	9	34	-89.17
gain	34	9	-90.53
gain	9	35	-83.96
gain	35	9	-89.75
gain	9	36	-82.78
gain	36	9	-84.30
gain	9	37	-66.61
gain	37	9	-66.23
gain	9	38	-86.49
gain	38	9	-88.54
gain	9	39	-80.20
gain	39	9	-84.00
gain	9	40	-71.66
gain	40	9	-68.89
gain	9	41	-92.42
gain	41	9	-89.93
gain	9	42	-78.23
gain	42	9	-79.97
gain	9	43	-61.96
gain	43	9	-59.76
gain	9	44	-90.12
gain	44	9	-88.28
gain	9	45	-77.59
gain	45	9	-81.22
gain	9	46	-84.50
gain	46	9	-83.30
gain	9	47	-79.13
gain	47	9	-76.90
gain	9	48	-81.48
gain	48	9	-78.70
gain	10	11	-85.81
gain	11	10	-94.28
gain	10	12	-75.35
gain	12	10	-79.98
gain	10	13	-88.56
gain	13	10	-99.59
gain	10	14	-84.72
gain	14	10	-91.18
gain	10	15	-71.54
gain	15	10	-77.32
gain	10	16	-75.59
gain	16	10	-75.19
gain	10	17	-83.42
gain	17	10	-93.35
gain	10	18	-78.57
gain	18	10	-84.50
gain	10	19	-71.02
gain	19	10	-79.76
gain	10	20	-66.68
gain	20	10	-67.83
gain	10	21	-72.87
gain	21	10	-80.03
gain	10	22	-66.58
gain	22	10	-74.81
gain	10	23	-75.82
gain	23	10	-80.66
gain	10	24	-84.46
gain	24	10	-94.38
gain	10	25	-70.03
gain	25	10	-82.72
gain	10	26	-80.99
gain	26	10	-86.63
gain	10	27	-77.52
gain	27	10	-89.11
gain	10	28	-92.96
gain	28	10	-96.56
gain	10	29	-90.44
gain	29	10	-95.21
gain	10	30	-74.85
gain	30	10	-78.00
gain	10	31	-77.95
gain	31	10	-82.89
gain	10	32	-70.99
gain	32	10	-77.59
gain	10	33	-71.94
gain	33	10	-82.53
gain	10	34	-72.93
gain	34	10	-79.56
gain	10	35	-80.29
gain	35	10	-91.35
gain	10	36	-78.31
gain	36	10	-85.10
gain	10	37	-77.43
gain	37	10	-82.32
gain	10	38	-79.77
gain	38	10	-87.09
gain	10	39	-84.20
gain	39	10	-93.27
gain	10	40	-80.72
gain	40	10	-83.22
gain	10	41	-87.20
gain	41	10	-89.97
gain	10	42	-55.38
gain	42	10	-62.39
gain	10	43	-66.80
gain	43	10	-69.87
gain	10	44	-81.67
gain	44	10	-85.09
gain	10	45	-86.93
gain	45	10	-95.82
gain	10	46	-78.90
gain	46	10	-82.96
gain	10	47	-78.63
gain	47	10	-81.66
gain	10	48	-61.39
gain	48	10	-63.87
gain	11	12	-94.59
gain	12	11	-90.76
gain	11	13	-68.11
gain	13	11	-70.68
gain	11	14	-103.37
gain	14	11	-101.37
gain	11	15	-90.40
gain	15	11	-87.71
gain	11	16	-93.49
gain	16	11	-84.62
gain	11	17	-84.23
gain	17	11	-85.70
gain	11	18	-80.89
gain	18	11	-78.36
gain	11	19	-99.24
gain	19	11	-99.51
gain	11	20	-94.59
gain	20	11	-87.28
gain	11	21	-85.04
gain	21	11	-83.73
gain	11	22	-91.19
gain	22	11	-90.96
gain	11	23	-90.53
gain	23	11	-86.90
gain	11	24	-85.96
gain	24	11	-87.42
gain	11	25	-86.77
gain	25	11	-90.99
gain	11	26	-90.68
gain	26	11	-87.85
gain	11	27	-93.17
gain	27	11	-96.30
gain	11	28	-87.45
gain	28	11	-82.60
gain	11	29	-94.91
gain	29	11	-91.22
gain	11	30	-88.46
gain	30	11	-83.14
gain	11	31	-100.93
gain	31	11	-97.41
gain	11	32	-82.36
gain	32	11	-80.49
gain	11	33	-94.98
gain	33	11	-97.10
gain	11	34	-94.39
gain	34	11	-92.56
gain	11	35	-107.43
gain	35	11	-110.03
gain	11	36	-90.88
gain	36	11	-89.21
gain	11	37	-89.57
gain	37	11	-85.99
gain	11	38	-90.21
gain	38	11	-89.07
gain	11	39	-83.04
gain	39	11	-83.64
gain	11	40	-88.30
gain	40	11	-82.33
gain	11	41	-87.00
gain	41	11	-81.31
gain	11	42	-96.57
gain	42	11	-95.11
gain	11	43	-95.91
gain	43	11	-90.52
gain	11	44	-70.24
gain	44	11	-65.20
gain	11	45	-92.12
gain	45	11	-92.55
gain	11	46	-90.63
gain	46	11	-86.23
gain	11	47	-95.81
gain	47	11	-90.39
gain	11	48	-94.36
gain	48	11	-88.38
gain	12	13	-90.10
gain	13	12	-96.49
gain	12	14	-66.52
gain	14	12	-68.35
gain	12	15	-85.30
gain	15	12	-86.44
gain	12	16	-85.12
gain	16	12	-80.08
gain	12	17	-94.45
gain	17	12	-99.75
gain	12	18	-82.78
gain	18	12	-84.07
gain	12	19	-86.63
gain	19	12	-90.74
gain	12	20	-83.73
gain	20	12	-80.24
gain	12	21	-93.16
gain	21	12	-95.68
gain	12	22	-88.79
gain	22	12	-92.39
gain	12	23	-84.17
gain	23	12	-84.37
gain	12	24	-93.31
gain	24	12	-98.59
gain	12	25	-79.00
gain	25	12	-87.05
gain	12	26	-79.00
gain	26	12	-80.00
gain	12	27	-74.49
gain	27	12	-81.45
gain	12	28	-94.58
gain	28	12	-93.55
gain	12	29	-87.92
gain	29	12	-88.06
gain	12	30	-93.68
gain	30	12	-92.19
gain	12	31	-71.34
gain	31	12	-71.65
gain	12	32	-93.02
gain	32	12	-94.98
gain	12	33	-79.94
gain	33	12	-85.89
gain	12	34	-91.49
gain	34	12	-93.49
gain	12	35	-74.62
gain	35	12	-81.04
gain	12	36	-93.85
gain	36	12	-96.01
gain	12	37	-86.71
gain	37	12	-86.96
gain	12	38	-85.58
gain	38	12	-88.27
gain	12	39	-88.13
gain	39	12	-92.56
gain	12	40	-83.30
gain	40	12	-81.16
gain	12	41	-90.29
gain	41	12	-88.42
gain	12	42	-77.78
gain	42	12	-80.15
gain	12	43	-79.94
gain	43	12	-78.37
gain	12	44	-91.04
gain	44	12	-89.83
gain	12	45	-89.75
gain	45	12	-94.01
gain	12	46	-87.16
gain	46	12	-86.59
gain	12	47	-84.48
gain	47	12	-82.88
gain	12	48	-81.78
gain	48	12	-79.63
gain	13	14	-94.35
gain	14	13	-89.78
gain	13	15	-89.10
gain	15	13	-83.86
gain	13	16	-85.12
gain	16	13	-73.69
gain	13	17	-86.05
gain	17	13	-84.96
gain	13	18	-79.95
gain	18	13	-74.85
gain	13	19	-93.47
gain	19	13	-91.18
gain	13	20	-98.41
gain	20	13	-88.53
gain	13	21	-73.18
gain	21	13	-69.31
gain	13	22	-99.65
gain	22	13	-96.85
gain	13	23	-94.76
gain	23	13	-88.57
gain	13	24	-87.33
gain	24	13	-86.23
gain	13	25	-94.64
gain	25	13	-96.30
gain	13	26	-93.09
gain	26	13	-87.71
gain	13	27	-102.60
gain	27	13	-103.16
gain	13	28	-91.26
gain	28	13	-83.84
gain	13	29	-93.48
gain	29	13	-87.23
gain	13	30	-87.25
gain	30	13	-79.37
gain	13	31	-93.68
gain	31	13	-87.60
gain	13	32	-86.96
gain	32	13	-82.52
gain	13	33	-93.34
gain	33	13	-92.90
gain	13	34	-98.85
gain	34	13	-94.46
gain	13	35	-97.66
gain	35	13	-97.69
gain	13	36	-92.50
gain	36	13	-88.26
gain	13	37	-87.38
gain	37	13	-81.24
gain	13	38	-93.58
gain	38	13	-89.87
gain	13	39	-78.23
gain	39	13	-76.26
gain	13	40	-81.34
gain	40	13	-72.81
gain	13	41	-85.92
gain	41	13	-77.67
gain	13	42	-96.81
gain	42	13	-92.79
gain	13	43	-91.72
gain	43	13	-83.75
gain	13	44	-80.35
gain	44	13	-72.75
gain	13	45	-91.84
gain	45	13	-89.71
gain	13	46	-89.57
gain	46	13	-82.60
gain	13	47	-95.34
gain	47	13	-87.35
gain	13	48	-97.36
gain	48	13	-88.81
gain	14	15	-93.54
gain	15	14	-92.86
gain	14	16	-97.78
gain	16	14	-90.92
gain	14	17	-87.72
gain	17	14	-91.20
gain	14	18	-85.85
gain	18	14	-85.32
gain	14	19	-93.10
gain	19	14	-95.38
gain	14	20	-102.25
gain	20	14	-96.94
gain	14	21	-89.11
gain	21	14	-89.81
gain	14	22	-92.40
gain	22	14	-94.16
gain	14	23	-85.61
gain	23	14	-83.99
gain	14	24	-92.17
gain	24	14	-95.64
gain	14	25	-81.29
gain	25	14	-87.52
gain	14	26	-84.07
gain	26	14	-83.25
gain	14	27	-53.13
gain	27	14	-58.26
gain	14	28	-85.03
gain	28	14	-82.18
gain	14	29	-86.69
gain	29	14	-85.00
gain	14	30	-93.15
gain	30	14	-89.83
gain	14	31	-76.59
gain	31	14	-75.07
gain	14	32	-95.66
gain	32	14	-95.79
gain	14	33	-76.36
gain	33	14	-80.49
gain	14	34	-100.61
gain	34	14	-100.79
gain	14	35	-67.52
gain	35	14	-72.11
gain	14	36	-97.50
gain	36	14	-97.83
gain	14	37	-82.61
gain	37	14	-81.04
gain	14	38	-90.57
gain	38	14	-91.43
gain	14	39	-90.07
gain	39	14	-92.67
gain	14	40	-85.59
gain	40	14	-81.63
gain	14	41	-91.56
gain	41	14	-87.87
gain	14	42	-87.78
gain	42	14	-88.33
gain	14	43	-93.37
gain	43	14	-89.98
gain	14	44	-93.37
gain	44	14	-90.34
gain	14	45	-95.84
gain	45	14	-98.27
gain	14	46	-97.42
gain	46	14	-95.03
gain	14	47	-76.42
gain	47	14	-73.00
gain	14	48	-91.52
gain	48	14	-87.54
gain	15	16	-78.96
gain	16	15	-72.78
gain	15	17	-78.18
gain	17	15	-82.33
gain	15	18	-73.24
gain	18	15	-73.39
gain	15	19	-87.95
gain	19	15	-90.91
gain	15	20	-84.22
gain	20	15	-79.59
gain	15	21	-77.66
gain	21	15	-79.04
gain	15	22	-72.70
gain	22	15	-75.15
gain	15	23	-76.15
gain	23	15	-75.20
gain	15	24	-84.73
gain	24	15	-88.88
gain	15	25	-77.62
gain	25	15	-84.53
gain	15	26	-80.97
gain	26	15	-80.83
gain	15	27	-94.08
gain	27	15	-99.89
gain	15	28	-88.72
gain	28	15	-86.55
gain	15	29	-88.19
gain	29	15	-87.18
gain	15	30	-71.48
gain	30	15	-68.85
gain	15	31	-88.60
gain	31	15	-87.77
gain	15	32	-59.03
gain	32	15	-59.85
gain	15	33	-82.62
gain	33	15	-87.43
gain	15	34	-86.06
gain	34	15	-86.91
gain	15	35	-86.41
gain	35	15	-91.69
gain	15	36	-77.00
gain	36	15	-78.01
gain	15	37	-74.13
gain	37	15	-73.24
gain	15	38	-87.67
gain	38	15	-89.21
gain	15	39	-75.19
gain	39	15	-78.47
gain	15	40	-75.57
gain	40	15	-72.28
gain	15	41	-86.34
gain	41	15	-83.34
gain	15	42	-79.64
gain	42	15	-80.87
gain	15	43	-71.35
gain	43	15	-68.64
gain	15	44	-79.64
gain	44	15	-77.29
gain	15	45	-93.34
gain	45	15	-96.46
gain	15	46	-72.66
gain	46	15	-70.95
gain	15	47	-85.99
gain	47	15	-83.25
gain	15	48	-79.24
gain	48	15	-75.94
gain	16	17	-65.03
gain	17	16	-75.37
gain	16	18	-65.72
gain	18	16	-72.05
gain	16	19	-67.90
gain	19	16	-77.05
gain	16	20	-61.27
gain	20	16	-62.82
gain	16	21	-77.31
gain	21	16	-84.87
gain	16	22	-63.18
gain	22	16	-71.81
gain	16	23	-75.03
gain	23	16	-80.26
gain	16	24	-80.39
gain	24	16	-90.72
gain	16	25	-73.73
gain	25	16	-86.82
gain	16	26	-68.93
gain	26	16	-74.97
gain	16	27	-87.17
gain	27	16	-99.16
gain	16	28	-89.97
gain	28	16	-93.98
gain	16	29	-90.57
gain	29	16	-95.74
gain	16	30	-76.30
gain	30	16	-79.85
gain	16	31	-79.28
gain	31	16	-84.62
gain	16	32	-65.87
gain	32	16	-72.87
gain	16	33	-88.77
gain	33	16	-99.75
gain	16	34	-72.05
gain	34	16	-79.08
gain	16	35	-77.16
gain	35	16	-88.63
gain	16	36	-59.65
gain	36	16	-66.84
gain	16	37	-76.03
gain	37	16	-81.32
gain	16	38	-84.84
gain	38	16	-92.56
gain	16	39	-82.48
gain	39	16	-91.95
gain	16	40	-78.46
gain	40	16	-81.36
gain	16	41	-79.03
gain	41	16	-82.20
gain	16	42	-67.79
gain	42	16	-75.20
gain	16	43	-69.60
gain	43	16	-73.07
gain	16	44	-93.11
gain	44	16	-96.94
gain	16	45	-78.11
gain	45	16	-87.40
gain	16	46	-57.47
gain	46	16	-61.94
gain	16	47	-72.54
gain	47	16	-75.98
gain	16	48	-74.32
gain	48	16	-77.20
gain	17	18	-75.86
gain	18	17	-71.85
gain	17	19	-90.24
gain	19	17	-89.04
gain	17	20	-83.55
gain	20	17	-74.76
gain	17	21	-70.88
gain	21	17	-68.09
gain	17	22	-80.61
gain	22	17	-78.90
gain	17	23	-81.76
gain	23	17	-76.66
gain	17	24	-81.97
gain	24	17	-81.95
gain	17	25	-89.11
gain	25	17	-91.86
gain	17	26	-90.05
gain	26	17	-85.75
gain	17	27	-93.77
gain	27	17	-95.43
gain	17	28	-97.54
gain	28	17	-91.21
gain	17	29	-101.05
gain	29	17	-95.89
gain	17	30	-68.19
gain	30	17	-61.40
gain	17	31	-87.40
gain	31	17	-82.41
gain	17	32	-63.75
gain	32	17	-60.41
gain	17	33	-93.49
gain	33	17	-94.14
gain	17	34	-87.52
gain	34	17	-84.21
gain	17	35	-95.92
gain	35	17	-97.04
gain	17	36	-74.65
gain	36	17	-71.50
gain	17	37	-83.40
gain	37	17	-78.35
gain	17	38	-93.04
gain	38	17	-90.43
gain	17	39	-90.19
gain	39	17	-89.32
gain	17	40	-82.12
gain	40	17	-74.68
gain	17	41	-96.02
gain	41	17	-88.85
gain	17	42	-91.53
gain	42	17	-88.60
gain	17	43	-85.60
gain	43	17	-78.73
gain	17	44	-85.15
gain	44	17	-78.64
gain	17	45	-94.21
gain	45	17	-93.17
gain	17	46	-73.77
gain	46	17	-67.90
gain	17	47	-89.83
gain	47	17	-82.93
gain	17	48	-89.19
gain	48	17	-81.74
gain	18	19	-86.10
gain	19	18	-88.92
gain	18	20	-81.33
gain	20	18	-76.55
gain	18	21	-70.07
gain	21	18	-71.30
gain	18	22	-83.18
gain	22	18	-85.48
gain	18	23	-73.90
gain	23	18	-72.81
gain	18	24	-73.53
gain	24	18	-77.52
gain	18	25	-83.05
gain	25	18	-89.82
gain	18	26	-82.69
gain	26	18	-82.40
gain	18	27	-91.16
gain	27	18	-96.82
gain	18	28	-98.07
gain	28	18	-95.75
gain	18	29	-88.77
gain	29	18	-87.61
gain	18	30	-80.72
gain	30	18	-77.94
gain	18	31	-86.91
gain	31	18	-85.92
gain	18	32	-72.20
gain	32	18	-72.87
gain	18	33	-79.30
gain	33	18	-83.95
gain	18	34	-87.11
gain	34	18	-87.81
gain	18	35	-82.59
gain	35	18	-87.72
gain	18	36	-81.71
gain	36	18	-82.57
gain	18	37	-71.10
gain	37	18	-70.06
gain	18	38	-80.45
gain	38	18	-81.84
gain	18	39	-70.37
gain	39	18	-73.51
gain	18	40	-66.56
gain	40	18	-63.13
gain	18	41	-81.62
gain	41	18	-78.46
gain	18	42	-80.77
gain	42	18	-81.85
gain	18	43	-86.03
gain	43	18	-83.16
gain	18	44	-80.97
gain	44	18	-78.47
gain	18	45	-84.58
gain	45	18	-87.54
gain	18	46	-83.00
gain	46	18	-81.13
gain	18	47	-88.83
gain	47	18	-85.94
gain	18	48	-84.48
gain	48	18	-81.03
gain	19	20	-66.77
gain	20	19	-59.18
gain	19	21	-88.58
gain	21	19	-87.00
gain	19	22	-65.30
gain	22	19	-64.79
gain	19	23	-93.72
gain	23	19	-89.82
gain	19	24	-91.74
gain	24	19	-92.93
gain	19	25	-76.50
gain	25	19	-80.45
gain	19	26	-88.71
gain	26	19	-85.61
gain	19	27	-95.35
gain	27	19	-98.20
gain	19	28	-103.31
gain	28	19	-98.18
gain	19	29	-100.35
gain	29	19	-96.37
gain	19	30	-91.51
gain	30	19	-85.91
gain	19	31	-93.64
gain	31	19	-89.84
gain	19	32	-91.78
gain	32	19	-89.63
gain	19	33	-90.69
gain	33	19	-92.53
gain	19	34	-63.70
gain	34	19	-61.59
gain	19	35	-97.25
gain	35	19	-99.57
gain	19	36	-75.42
gain	36	19	-73.47
gain	19	37	-80.32
gain	37	19	-76.47
gain	19	38	-94.27
gain	38	19	-92.85
gain	19	39	-86.44
gain	39	19	-86.76
gain	19	40	-94.26
gain	40	19	-88.01
gain	19	41	-104.89
gain	41	19	-98.92
gain	19	42	-85.12
gain	42	19	-83.38
gain	19	43	-85.60
gain	43	19	-79.92
gain	19	44	-88.19
gain	44	19	-82.87
gain	19	45	-93.43
gain	45	19	-93.58
gain	19	46	-81.64
gain	46	19	-76.96
gain	19	47	-92.68
gain	47	19	-86.98
gain	19	48	-67.04
gain	48	19	-60.78
gain	20	21	-85.57
gain	21	20	-91.58
gain	20	22	-67.39
gain	22	20	-74.47
gain	20	23	-79.04
gain	23	20	-82.73
gain	20	24	-88.67
gain	24	20	-97.44
gain	20	25	-80.86
gain	25	20	-92.41
gain	20	26	-83.84
gain	26	20	-88.32
gain	20	27	-85.65
gain	27	20	-96.09
gain	20	28	-87.97
gain	28	20	-90.43
gain	20	29	-84.45
gain	29	20	-88.08
gain	20	30	-79.63
gain	30	20	-81.63
gain	20	31	-80.16
gain	31	20	-83.96
gain	20	32	-78.83
gain	32	20	-84.28
gain	20	33	-76.93
gain	33	20	-86.37
gain	20	34	-64.85
gain	34	20	-70.34
gain	20	35	-78.76
gain	35	20	-88.67
gain	20	36	-78.64
gain	36	20	-84.28
gain	20	37	-84.31
gain	37	20	-88.04
gain	20	38	-86.29
gain	38	20	-92.45
gain	20	39	-83.53
gain	39	20	-91.44
gain	20	40	-86.99
gain	40	20	-88.34
gain	20	41	-94.38
gain	41	20	-96.01
gain	20	42	-71.21
gain	42	20	-77.07
gain	20	43	-69.13
gain	43	20	-71.05
gain	20	44	-84.45
gain	44	20	-86.72
gain	20	45	-95.49
gain	45	20	-103.24
gain	20	46	-74.53
gain	46	20	-77.45
gain	20	47	-84.10
gain	47	20	-85.99
gain	20	48	-53.59
gain	48	20	-54.93
gain	21	22	-85.32
gain	22	21	-86.39
gain	21	23	-85.81
gain	23	21	-83.49
gain	21	24	-77.31
gain	24	21	-80.07
gain	21	25	-90.50
gain	25	21	-96.04
gain	21	26	-83.76
gain	26	21	-82.24
gain	21	27	-96.51
gain	27	21	-100.94
gain	21	28	-96.41
gain	28	21	-92.86
gain	21	29	-94.82
gain	29	21	-92.43
gain	21	30	-84.11
gain	30	21	-80.11
gain	21	31	-88.30
gain	31	21	-86.09
gain	21	32	-67.10
gain	32	21	-66.54
gain	21	33	-84.49
gain	33	21	-87.92
gain	21	34	-87.10
gain	34	21	-86.58
gain	21	35	-93.81
gain	35	21	-97.71
gain	21	36	-83.00
gain	36	21	-82.63
gain	21	37	-86.22
gain	37	21	-83.95
gain	21	38	-85.02
gain	38	21	-85.18
gain	21	39	-70.91
gain	39	21	-72.81
gain	21	40	-80.70
gain	40	21	-76.04
gain	21	41	-87.92
gain	41	21	-83.54
gain	21	42	-92.16
gain	42	21	-92.02
gain	21	43	-91.05
gain	43	21	-86.96
gain	21	44	-72.83
gain	44	21	-69.11
gain	21	45	-87.99
gain	45	21	-89.73
gain	21	46	-85.44
gain	46	21	-82.35
gain	21	47	-87.64
gain	47	21	-83.52
gain	21	48	-89.05
gain	48	21	-84.38
gain	22	23	-88.47
gain	23	22	-85.08
gain	22	24	-88.98
gain	24	22	-90.68
gain	22	25	-83.60
gain	25	22	-88.06
gain	22	26	-93.15
gain	26	22	-90.56
gain	22	27	-92.45
gain	27	22	-95.81
gain	22	28	-92.76
gain	28	22	-88.14
gain	22	29	-99.01
gain	29	22	-95.56
gain	22	30	-77.16
gain	30	22	-72.08
gain	22	31	-87.27
gain	31	22	-83.99
gain	22	32	-78.20
gain	32	22	-76.56
gain	22	33	-93.68
gain	33	22	-96.04
gain	22	34	-71.26
gain	34	22	-69.67
gain	22	35	-94.97
gain	35	22	-97.80
gain	22	36	-83.72
gain	36	22	-82.28
gain	22	37	-85.09
gain	37	22	-81.75
gain	22	38	-93.96
gain	38	22	-93.05
gain	22	39	-88.73
gain	39	22	-89.56
gain	22	40	-86.58
gain	40	22	-80.85
gain	22	41	-94.36
gain	41	22	-88.91
gain	22	42	-79.32
gain	42	22	-78.10
gain	22	43	-76.83
gain	43	22	-71.66
gain	22	44	-89.00
gain	44	22	-84.19
gain	22	45	-95.43
gain	45	22	-96.09
gain	22	46	-74.96
gain	46	22	-70.80
gain	22	47	-90.66
gain	47	22	-85.47
gain	22	48	-82.13
gain	48	22	-76.39
gain	23	24	-81.03
gain	24	23	-86.12
gain	23	25	-59.31
gain	25	23	-67.17
gain	23	26	-50.59
gain	26	23	-51.39
gain	23	27	-80.05
gain	27	23	-86.80
gain	23	28	-86.54
gain	28	23	-85.31
gain	23	29	-93.68
gain	29	23	-93.61
gain	23	30	-87.90
gain	30	23	-86.21
gain	23	31	-75.81
gain	31	23	-75.91
gain	23	32	-74.73
gain	32	23	-76.49
gain	23	33	-72.56
gain	33	23	-78.31
gain	23	34	-80.84
gain	34	23	-82.64
gain	23	35	-80.86
gain	35	23	-87.08
gain	23	36	-90.73
gain	36	23	-92.68
gain	23	37	-70.96
gain	37	23	-71.01
gain	23	38	-85.26
gain	38	23	-87.74
gain	23	39	-81.34
gain	39	23	-85.57
gain	23	40	-69.94
gain	40	23	-67.60
gain	23	41	-87.25
gain	41	23	-85.18
gain	23	42	-87.66
gain	42	23	-89.83
gain	23	43	-79.56
gain	43	23	-77.79
gain	23	44	-86.26
gain	44	23	-84.85
gain	23	45	-91.85
gain	45	23	-95.91
gain	23	46	-85.63
gain	46	23	-84.85
gain	23	47	-76.56
gain	47	23	-74.76
gain	23	48	-88.61
gain	48	23	-86.26
gain	24	25	-91.69
gain	25	24	-94.46
gain	24	26	-85.87
gain	26	24	-81.58
gain	24	27	-92.39
gain	27	24	-94.05
gain	24	28	-88.24
gain	28	24	-81.93
gain	24	29	-83.97
gain	29	24	-78.82
gain	24	30	-89.36
gain	30	24	-82.58
gain	24	31	-88.94
gain	31	24	-83.97
gain	24	32	-81.42
gain	32	24	-78.09
gain	24	33	-80.96
gain	33	24	-81.63
gain	24	34	-94.10
gain	34	24	-90.81
gain	24	35	-88.62
gain	35	24	-89.75
gain	24	36	-85.00
gain	36	24	-81.87
gain	24	37	-80.26
gain	37	24	-75.22
gain	24	38	-82.70
gain	38	24	-80.10
gain	24	39	-60.16
gain	39	24	-59.30
gain	24	40	-78.74
gain	40	24	-71.31
gain	24	41	-82.54
gain	41	24	-75.39
gain	24	42	-93.04
gain	42	24	-90.13
gain	24	43	-89.05
gain	43	24	-82.19
gain	24	44	-74.92
gain	44	24	-68.43
gain	24	45	-79.29
gain	45	24	-78.26
gain	24	46	-89.90
gain	46	24	-84.04
gain	24	47	-87.02
gain	47	24	-80.13
gain	24	48	-93.79
gain	48	24	-86.35
gain	25	26	-67.20
gain	26	25	-60.14
gain	25	27	-92.17
gain	27	25	-91.07
gain	25	28	-93.71
gain	28	25	-84.62
gain	25	29	-99.00
gain	29	25	-91.08
gain	25	30	-92.48
gain	30	25	-82.93
gain	25	31	-71.83
gain	31	25	-64.08
gain	25	32	-92.17
gain	32	25	-86.08
gain	25	33	-82.63
gain	33	25	-80.52
gain	25	34	-99.68
gain	34	25	-93.62
gain	25	35	-92.85
gain	35	25	-91.22
gain	25	36	-89.55
gain	36	25	-83.65
gain	25	37	-85.34
gain	37	25	-77.54
gain	25	38	-94.88
gain	38	25	-89.50
gain	25	39	-95.89
gain	39	25	-92.26
gain	25	40	-82.56
gain	40	25	-72.37
gain	25	41	-95.09
gain	41	25	-85.17
gain	25	42	-81.62
gain	42	25	-75.93
gain	25	43	-68.32
gain	43	25	-58.70
gain	25	44	-91.46
gain	44	25	-82.20
gain	25	45	-101.34
gain	45	25	-97.54
gain	25	46	-88.25
gain	46	25	-79.62
gain	25	47	-90.77
gain	47	25	-81.11
gain	25	48	-85.62
gain	48	25	-75.41
gain	26	27	-86.60
gain	27	26	-92.56
gain	26	28	-84.89
gain	28	26	-82.86
gain	26	29	-90.71
gain	29	26	-89.84
gain	26	30	-85.20
gain	30	26	-82.71
gain	26	31	-70.38
gain	31	26	-69.68
gain	26	32	-83.97
gain	32	26	-84.93
gain	26	33	-76.13
gain	33	26	-81.08
gain	26	34	-80.24
gain	34	26	-81.24
gain	26	35	-73.55
gain	35	26	-78.97
gain	26	36	-86.98
gain	36	26	-88.13
gain	26	37	-78.75
gain	37	26	-78.00
gain	26	38	-80.49
gain	38	26	-82.17
gain	26	39	-83.06
gain	39	26	-86.49
gain	26	40	-78.92
gain	40	26	-75.77
gain	26	41	-93.90
gain	41	26	-91.03
gain	26	42	-75.98
gain	42	26	-77.35
gain	26	43	-76.20
gain	43	26	-73.63
gain	26	44	-89.60
gain	44	26	-87.39
gain	26	45	-82.40
gain	45	26	-85.65
gain	26	46	-87.49
gain	46	26	-85.91
gain	26	47	-83.13
gain	47	26	-80.53
gain	26	48	-89.25
gain	48	26	-86.10
gain	27	28	-91.42
gain	28	27	-83.44
gain	27	29	-91.10
gain	29	27	-84.28
gain	27	30	-105.92
gain	30	27	-97.47
gain	27	31	-83.99
gain	31	27	-77.35
gain	27	32	-92.09
gain	32	27	-87.09
gain	27	33	-81.14
gain	33	27	-80.14
gain	27	34	-97.92
gain	34	27	-92.96
gain	27	35	-75.04
gain	35	27	-74.51
gain	27	36	-105.23
gain	36	27	-100.43
gain	27	37	-90.51
gain	37	27	-83.80
gain	27	38	-94.41
gain	38	27	-90.14
gain	27	39	-90.00
gain	39	27	-87.48
gain	27	40	-87.24
gain	40	27	-78.15
gain	27	41	-103.96
gain	41	27	-95.14
gain	27	42	-92.76
gain	42	27	-88.18
gain	27	43	-90.78
gain	43	27	-82.26
gain	27	44	-92.96
gain	44	27	-84.80
gain	27	45	-88.16
gain	45	27	-85.46
gain	27	46	-99.88
gain	46	27	-92.36
gain	27	47	-84.92
gain	47	27	-76.37
gain	27	48	-99.81
gain	48	27	-90.70
gain	28	29	-69.61
gain	29	28	-70.77
gain	28	30	-102.42
gain	30	28	-101.97
gain	28	31	-83.38
gain	31	28	-84.72
gain	28	32	-91.24
gain	32	28	-94.23
gain	28	33	-78.15
gain	33	28	-85.13
gain	28	34	-91.93
gain	34	28	-94.95
gain	28	35	-84.39
gain	35	28	-91.84
gain	28	36	-91.65
gain	36	28	-94.83
gain	28	37	-91.37
gain	37	28	-92.65
gain	28	38	-66.49
gain	38	28	-70.20
gain	28	39	-75.48
gain	39	28	-80.93
gain	28	40	-79.59
gain	40	28	-78.48
gain	28	41	-66.39
gain	41	28	-65.56
gain	28	42	-94.38
gain	42	28	-97.78
gain	28	43	-89.20
gain	43	28	-88.66
gain	28	44	-80.46
gain	44	28	-80.28
gain	28	45	-63.56
gain	45	28	-68.84
gain	28	46	-92.14
gain	46	28	-92.60
gain	28	47	-78.69
gain	47	28	-78.12
gain	28	48	-88.99
gain	48	28	-87.86
gain	29	30	-94.42
gain	30	29	-92.80
gain	29	31	-90.20
gain	31	29	-90.37
gain	29	32	-94.48
gain	32	29	-96.31
gain	29	33	-90.26
gain	33	29	-96.08
gain	29	34	-100.05
gain	34	29	-101.91
gain	29	35	-90.23
gain	35	29	-96.52
gain	29	36	-93.64
gain	36	29	-95.66
gain	29	37	-77.95
gain	37	29	-78.07
gain	29	38	-66.59
gain	38	29	-69.14
gain	29	39	-78.96
gain	39	29	-83.26
gain	29	40	-86.76
gain	40	29	-84.49
gain	29	41	-74.31
gain	41	29	-72.31
gain	29	42	-96.36
gain	42	29	-98.60
gain	29	43	-99.66
gain	43	29	-97.96
gain	29	44	-86.77
gain	44	29	-85.42
gain	29	45	-64.45
gain	45	29	-68.58
gain	29	46	-95.86
gain	46	29	-95.15
gain	29	47	-83.59
gain	47	29	-81.86
gain	29	48	-90.16
gain	48	29	-87.87
gain	30	31	-84.67
gain	31	30	-86.47
gain	30	32	-68.01
gain	32	30	-71.45
gain	30	33	-83.12
gain	33	30	-90.56
gain	30	34	-79.68
gain	34	30	-83.17
gain	30	35	-93.37
gain	35	30	-101.28
gain	30	36	-60.64
gain	36	30	-64.28
gain	30	37	-88.86
gain	37	30	-90.60
gain	30	38	-89.94
gain	38	30	-94.11
gain	30	39	-84.74
gain	39	30	-90.66
gain	30	40	-82.27
gain	40	30	-81.62
gain	30	41	-89.21
gain	41	30	-88.83
gain	30	42	-83.52
gain	42	30	-87.38
gain	30	43	-86.11
gain	43	30	-86.03
gain	30	44	-83.34
gain	44	30	-83.62
gain	30	45	-89.12
gain	45	30	-94.86
gain	30	46	-63.99
gain	46	30	-64.91
gain	30	47	-89.23
gain	47	30	-89.12
gain	30	48	-76.48
gain	48	30	-75.82
gain	31	32	-84.72
gain	32	31	-86.37
gain	31	33	-84.47
gain	33	31	-90.11
gain	31	34	-82.51
gain	34	31	-84.20
gain	31	35	-74.09
gain	35	31	-80.21
gain	31	36	-90.31
gain	36	31	-92.15
gain	31	37	-82.67
gain	37	31	-82.62
gain	31	38	-89.13
gain	38	31	-91.51
gain	31	39	-79.90
gain	39	31	-84.02
gain	31	40	-81.93
gain	40	31	-79.49
gain	31	41	-87.00
gain	41	31	-84.83
gain	31	42	-66.14
gain	42	31	-68.21
gain	31	43	-71.96
gain	43	31	-70.08
gain	31	44	-83.31
gain	44	31	-81.79
gain	31	45	-78.44
gain	45	31	-82.38
gain	31	46	-80.04
gain	46	31	-79.16
gain	31	47	-81.48
gain	47	31	-79.57
gain	31	48	-79.32
gain	48	31	-76.86
gain	32	33	-77.94
gain	33	32	-81.93
gain	32	34	-84.13
gain	34	32	-84.16
gain	32	35	-88.01
gain	35	32	-92.47
gain	32	36	-64.29
gain	36	32	-64.48
gain	32	37	-78.43
gain	37	32	-76.73
gain	32	38	-91.08
gain	38	32	-91.80
gain	32	39	-80.78
gain	39	32	-83.25
gain	32	40	-78.26
gain	40	32	-74.17
gain	32	41	-90.12
gain	41	32	-86.30
gain	32	42	-78.13
gain	42	32	-78.54
gain	32	43	-73.17
gain	43	32	-69.64
gain	32	44	-76.89
gain	44	32	-73.73
gain	32	45	-90.71
gain	45	32	-93.01
gain	32	46	-70.94
gain	46	32	-68.41
gain	32	47	-87.54
gain	47	32	-83.98
gain	32	48	-78.19
gain	48	32	-74.07
gain	33	34	-95.95
gain	34	33	-92.00
gain	33	35	-77.30
gain	35	33	-77.77
gain	33	36	-101.42
gain	36	33	-97.62
gain	33	37	-86.70
gain	37	33	-81.00
gain	33	38	-84.03
gain	38	33	-80.76
gain	33	39	-77.70
gain	39	33	-76.18
gain	33	40	-77.45
gain	40	33	-69.36
gain	33	41	-89.92
gain	41	33	-82.11
gain	33	42	-96.50
gain	42	33	-92.92
gain	33	43	-79.93
gain	43	33	-72.41
gain	33	44	-95.02
gain	44	33	-87.86
gain	33	45	-83.46
gain	45	33	-81.76
gain	33	46	-90.62
gain	46	33	-84.09
gain	33	47	-71.45
gain	47	33	-63.90
gain	33	48	-96.93
gain	48	33	-88.82
gain	34	35	-84.14
gain	35	34	-88.57
gain	34	36	-75.68
gain	36	34	-75.84
gain	34	37	-83.23
gain	37	34	-81.49
gain	34	38	-92.61
gain	38	34	-93.29
gain	34	39	-95.18
gain	39	34	-97.61
gain	34	40	-83.94
gain	40	34	-79.81
gain	34	41	-98.62
gain	41	34	-94.76
gain	34	42	-83.12
gain	42	34	-83.49
gain	34	43	-83.30
gain	43	34	-79.73
gain	34	44	-89.18
gain	44	34	-85.98
gain	34	45	-87.42
gain	45	34	-89.68
gain	34	46	-86.67
gain	46	34	-84.10
gain	34	47	-100.31
gain	47	34	-96.72
gain	34	48	-73.07
gain	48	34	-68.92
gain	35	36	-100.90
gain	36	35	-96.63
gain	35	37	-87.53
gain	37	35	-81.35
gain	35	38	-97.06
gain	38	35	-93.32
gain	35	39	-96.95
gain	39	35	-94.95
gain	35	40	-86.88
gain	40	35	-78.32
gain	35	41	-95.23
gain	41	35	-86.95
gain	35	42	-80.76
gain	42	35	-76.71
gain	35	43	-91.31
gain	43	35	-83.32
gain	35	44	-98.45
gain	44	35	-90.82
gain	35	45	-87.29
gain	45	35	-85.13
gain	35	46	-96.56
gain	46	35	-89.57
gain	35	47	-81.27
gain	47	35	-73.25
gain	35	48	-100.82
gain	48	35	-92.25
gain	36	37	-90.48
gain	37	36	-88.57
gain	36	38	-88.08
gain	38	36	-88.61
gain	36	39	-92.85
gain	39	36	-95.12
gain	36	40	-80.67
gain	40	36	-76.38
gain	36	41	-93.31
gain	41	36	-89.30
gain	36	42	-80.23
gain	42	36	-80.45
gain	36	43	-83.30
gain	43	36	-79.58
gain	36	44	-89.40
gain	44	36	-86.04
gain	36	45	-94.95
gain	45	36	-97.06
gain	36	46	-68.05
gain	46	36	-65.32
gain	36	47	-92.04
gain	47	36	-88.29
gain	36	48	-94.22
gain	48	36	-89.91
gain	37	38	-86.66
gain	38	37	-89.09
gain	37	39	-81.01
gain	39	37	-85.18
gain	37	40	-64.60
gain	40	37	-62.21
gain	37	41	-81.11
gain	41	37	-78.99
gain	37	42	-76.77
gain	42	37	-78.89
gain	37	43	-70.66
gain	43	37	-68.84
gain	37	44	-83.84
gain	44	37	-82.38
gain	37	45	-90.10
gain	45	37	-94.11
gain	37	46	-88.18
gain	46	37	-87.36
gain	37	47	-83.00
gain	47	37	-81.15
gain	37	48	-87.10
gain	48	37	-84.69
gain	38	39	-63.00
gain	39	38	-64.75
gain	38	40	-83.20
gain	40	38	-78.38
gain	38	41	-73.80
gain	41	38	-69.26
gain	38	42	-88.86
gain	42	38	-88.54
gain	38	43	-93.72
gain	43	38	-89.46
gain	38	44	-74.75
gain	44	38	-70.86
gain	38	45	-63.75
gain	45	38	-65.32
gain	38	46	-95.63
gain	46	38	-92.37
gain	38	47	-85.82
gain	47	38	-81.54
gain	38	48	-100.50
gain	48	38	-95.66
gain	39	40	-74.22
gain	40	39	-67.66
gain	39	41	-81.12
gain	41	39	-74.83
gain	39	42	-80.47
gain	42	39	-78.41
gain	39	43	-92.68
gain	43	39	-86.68
gain	39	44	-74.29
gain	44	39	-68.66
gain	39	45	-79.75
gain	45	39	-79.58
gain	39	46	-93.68
gain	46	39	-88.68
gain	39	47	-87.19
gain	47	39	-81.17
gain	39	48	-94.89
gain	48	39	-88.31
gain	40	41	-81.49
gain	41	40	-81.76
gain	40	42	-75.32
gain	42	40	-79.83
gain	40	43	-74.24
gain	43	40	-74.81
gain	40	44	-83.40
gain	44	40	-84.32
gain	40	45	-76.23
gain	45	40	-82.63
gain	40	46	-78.60
gain	46	40	-80.16
gain	40	47	-79.63
gain	47	40	-80.17
gain	40	48	-79.12
gain	48	40	-79.11
gain	41	42	-86.27
gain	42	41	-90.50
gain	41	43	-90.40
gain	43	41	-90.69
gain	41	44	-74.66
gain	44	41	-75.31
gain	41	45	-66.19
gain	45	41	-72.31
gain	41	46	-86.94
gain	46	41	-88.23
gain	41	47	-85.42
gain	47	41	-85.69
gain	41	48	-93.09
gain	48	41	-92.80
gain	42	43	-73.73
gain	43	42	-69.79
gain	42	44	-88.40
gain	44	42	-84.82
gain	42	45	-91.65
gain	45	42	-93.54
gain	42	46	-81.35
gain	46	42	-78.41
gain	42	47	-84.96
gain	47	42	-80.99
gain	42	48	-70.63
gain	48	42	-66.10
gain	43	44	-88.86
gain	44	43	-89.22
gain	43	45	-91.23
gain	45	43	-97.06
gain	43	46	-67.48
gain	46	43	-68.47
gain	43	47	-89.57
gain	47	43	-89.54
gain	43	48	-77.06
gain	48	43	-76.47
gain	44	45	-81.98
gain	45	44	-87.45
gain	44	46	-84.48
gain	46	44	-85.11
gain	44	47	-83.74
gain	47	44	-83.35
gain	44	48	-86.88
gain	48	44	-85.94
gain	45	46	-99.83
gain	46	45	-95.00
gain	45	47	-87.14
gain	47	45	-81.28
gain	45	48	-96.15
gain	48	45	-89.74
gain	46	47	-89.70
gain	47	46	-88.68
gain	46	48	-75.80
gain	48	46	-74.22
gain	47	48	-95.96
gain	48	47	-95.41
noise	0	-105.93	4.00
noise	1	-106.09	4.00
noise	2	-102.47	4.00
noise	3	-104.16	4.00
noise	4	-109.14	4.00
noise	5	-106.05	4.00
noise	6	-106.00	4.00
noise	7	-101.73	4.00
noise	8	-104.91	4.00
noise	9	-104.81	4.00
noise	10	-107.61	4.00
noise	11	-103.80	4.00
noise	12	-105.51	4.00
noise	13	-103.23	4.00
noise	14	-103.92	4.00
noise	15	-107.07	4.00
noise	16	-109.54	4.00
noise	17	-103.41	4.00
noise	18	-104.73	4.00
noise	19	-104.31	4.00
noise	20	-108.45	4.00
noise	21	-106.82	4.00
noise	22	-104.17	4.00
noise	23	-104.92	4.00
noise	24	-101.03	4.00
noise	25	-100.14	4.00
noise	26	-107.16	4.00
noise	27	-102.98	4.00
noise	28	-107.08	4.00
noise	29	-104.08	4.00
noise	30	-105.83	4.00
noise	31	-106.84	4.00
noise	32	-103.82	4.00
noise	33	-101.05	4.00
noise	34	-105.32	4.00
noise	35	-100.97	4.00
noise	36	-106.54	4.00
noise	37	-106.78	4.00
noise	38	-103.76	4.00
noise	39	-102.31	4.00
noise	40	-105.40	4.00
noise	41	-105.93	4.00
noise	42	-103.30	4.00
noise	43	-108.29	4.00
noise	44	-105.56	4.00
noise	45	-101.99	4.00
noise	46	-107.18	4.00
noise	47	-106.69	4.00
noise	48	-104.59	4.00
