gain	0	1	-57.09
gain	1	0	-53.33
gain	0	2	-63.11
gain	2	0	-59.52
gain	0	3	-71.58
gain	3	0	-68.66
gain	0	4	-82.88
gain	4	0	-82.75
gain	0	5	-76.52
gain	5	0	-73.36
gain	0	6	-84.66
gain	6	0	-81.87
gain	0	7	-46.11
gain	7	0	-44.34
gain	0	8	-57.02
gain	8	0	-58.19
gain	0	9	-60.41
gain	9	0	-60.97
gain	0	10	-70.30
gain	10	0	-60.02
gain	0	11	-71.09
gain	11	0	-67.98
gain	0	12	-74.39
gain	12	0	-72.01
gain	0	13	-77.23
gain	13	0	-73.92
gain	0	14	-72.78
gain	14	0	-67.34
gain	0	15	-71.69
gain	15	0	-69.44
gain	0	16	-69.39
gain	16	0	-68.82
gain	0	17	-69.62
gain	17	0	-65.81
gain	0	18	-80.48
gain	18	0	-77.70
gain	0	19	-81.19
gain	19	0	-75.66
gain	0	20	-79.08
gain	20	0	-81.30
gain	0	21	-71.95
gain	21	0	-67.75
gain	0	22	-74.87
gain	22	0	-76.46
gain	0	23	-68.35
gain	23	0	-67.30
gain	0	24	-80.07
gain	24	0	-81.73
gain	0	25	-79.34
gain	25	0	-78.60
gain	0	26	-77.31
gain	26	0	-75.40
gain	0	27	-88.34
gain	27	0	-82.87
gain	0	28	-74.15
gain	28	0	-69.39
gain	0	29	-76.85
gain	29	0	-74.45
gain	0	30	-75.12
gain	30	0	-72.24
gain	0	31	-76.10
gain	31	0	-75.16
gain	0	32	-83.36
gain	32	0	-87.79
gain	0	33	-87.15
gain	33	0	-85.37
gain	0	34	-83.14
gain	34	0	-79.71
gain	0	35	-69.51
gain	35	0	-66.65
gain	0	36	-76.45
gain	36	0	-73.36
gain	0	37	-79.00
gain	37	0	-77.51
gain	0	38	-76.96
gain	38	0	-76.90
gain	0	39	-83.39
gain	39	0	-79.70
gain	0	40	-85.86
gain	40	0	-83.51
gain	0	41	-87.23
gain	41	0	-85.19
gain	0	42	-86.57
gain	42	0	-84.93
gain	0	43	-79.46
gain	43	0	-75.07
gain	0	44	-81.76
gain	44	0	-81.65
gain	0	45	-88.84
gain	45	0	-86.14
gain	0	46	-88.99
gain	46	0	-87.51
gain	0	47	-70.19
gain	47	0	-67.69
gain	0	48	-85.48
gain	48	0	-90.19
gain	1	2	-46.90
gain	2	1	-47.07
gain	1	3	-56.88
gain	3	1	-57.72
gain	1	4	-61.18
gain	4	1	-64.81
gain	1	5	-71.48
gain	5	1	-72.08
gain	1	6	-67.40
gain	6	1	-68.37
gain	1	7	-50.23
gain	7	1	-52.21
gain	1	8	-59.99
gain	8	1	-64.92
gain	1	9	-59.45
gain	9	1	-63.77
gain	1	10	-65.76
gain	10	1	-59.23
gain	1	11	-71.77
gain	11	1	-72.42
gain	1	12	-72.48
gain	12	1	-73.86
gain	1	13	-73.49
gain	13	1	-73.93
gain	1	14	-63.73
gain	14	1	-62.05
gain	1	15	-65.13
gain	15	1	-66.64
gain	1	16	-63.30
gain	16	1	-66.49
gain	1	17	-63.17
gain	17	1	-63.11
gain	1	18	-68.87
gain	18	1	-69.85
gain	1	19	-68.02
gain	19	1	-66.25
gain	1	20	-73.20
gain	20	1	-79.18
gain	1	21	-68.56
gain	21	1	-68.13
gain	1	22	-61.92
gain	22	1	-67.27
gain	1	23	-66.75
gain	23	1	-69.46
gain	1	24	-74.90
gain	24	1	-80.32
gain	1	25	-65.42
gain	25	1	-68.44
gain	1	26	-75.38
gain	26	1	-77.23
gain	1	27	-74.07
gain	27	1	-72.37
gain	1	28	-77.97
gain	28	1	-76.98
gain	1	29	-73.81
gain	29	1	-75.17
gain	1	30	-75.03
gain	30	1	-75.92
gain	1	31	-70.89
gain	31	1	-73.71
gain	1	32	-78.49
gain	32	1	-86.68
gain	1	33	-66.72
gain	33	1	-68.70
gain	1	34	-74.58
gain	34	1	-74.91
gain	1	35	-76.56
gain	35	1	-77.47
gain	1	36	-68.84
gain	36	1	-69.51
gain	1	37	-81.69
gain	37	1	-83.95
gain	1	38	-75.07
gain	38	1	-78.77
gain	1	39	-82.55
gain	39	1	-82.63
gain	1	40	-74.58
gain	40	1	-75.99
gain	1	41	-73.92
gain	41	1	-75.65
gain	1	42	-74.10
gain	42	1	-76.22
gain	1	43	-79.70
gain	43	1	-79.07
gain	1	44	-78.62
gain	44	1	-82.26
gain	1	45	-75.22
gain	45	1	-76.28
gain	1	46	-78.22
gain	46	1	-80.50
gain	1	47	-75.62
gain	47	1	-76.88
gain	1	48	-83.88
gain	48	1	-92.35
gain	2	3	-52.55
gain	3	2	-53.22
gain	2	4	-68.11
gain	4	2	-71.58
gain	2	5	-66.11
gain	5	2	-66.54
gain	2	6	-66.46
gain	6	2	-67.25
gain	2	7	-61.04
gain	7	2	-62.86
gain	2	8	-53.38
gain	8	2	-58.14
gain	2	9	-56.49
gain	9	2	-60.64
gain	2	10	-55.32
gain	10	2	-48.63
gain	2	11	-63.30
gain	11	2	-63.79
gain	2	12	-72.33
gain	12	2	-73.54
gain	2	13	-68.38
gain	13	2	-68.66
gain	2	14	-67.32
gain	14	2	-65.47
gain	2	15	-63.53
gain	15	2	-64.88
gain	2	16	-59.66
gain	16	2	-62.68
gain	2	17	-65.23
gain	17	2	-65.01
gain	2	18	-72.20
gain	18	2	-73.02
gain	2	19	-71.14
gain	19	2	-69.20
gain	2	20	-81.02
gain	20	2	-86.83
gain	2	21	-70.09
gain	21	2	-69.49
gain	2	22	-65.08
gain	22	2	-70.26
gain	2	23	-69.45
gain	23	2	-71.99
gain	2	24	-66.44
gain	24	2	-71.69
gain	2	25	-70.07
gain	25	2	-72.92
gain	2	26	-77.77
gain	26	2	-79.44
gain	2	27	-78.99
gain	27	2	-77.11
gain	2	28	-73.09
gain	28	2	-71.93
gain	2	29	-68.33
gain	29	2	-69.53
gain	2	30	-67.31
gain	30	2	-68.03
gain	2	31	-71.39
gain	31	2	-74.04
gain	2	32	-74.39
gain	32	2	-82.41
gain	2	33	-69.77
gain	33	2	-71.58
gain	2	34	-78.60
gain	34	2	-78.76
gain	2	35	-73.25
gain	35	2	-73.98
gain	2	36	-80.53
gain	36	2	-81.04
gain	2	37	-70.06
gain	37	2	-72.15
gain	2	38	-79.34
gain	38	2	-82.87
gain	2	39	-63.97
gain	39	2	-63.88
gain	2	40	-75.10
gain	40	2	-76.34
gain	2	41	-73.73
gain	41	2	-75.28
gain	2	42	-75.45
gain	42	2	-77.40
gain	2	43	-69.29
gain	43	2	-68.50
gain	2	44	-77.18
gain	44	2	-80.66
gain	2	45	-73.67
gain	45	2	-74.56
gain	2	46	-73.60
gain	46	2	-75.71
gain	2	47	-79.31
gain	47	2	-80.40
gain	2	48	-82.93
gain	48	2	-91.23
gain	3	4	-54.15
gain	4	3	-56.93
gain	3	5	-63.86
gain	5	3	-63.61
gain	3	6	-73.09
gain	6	3	-73.21
gain	3	7	-78.05
gain	7	3	-79.19
gain	3	8	-61.85
gain	8	3	-65.93
gain	3	9	-61.65
gain	9	3	-65.12
gain	3	10	-47.79
gain	10	3	-40.42
gain	3	11	-66.07
gain	11	3	-65.88
gain	3	12	-61.15
gain	12	3	-61.68
gain	3	13	-66.37
gain	13	3	-65.97
gain	3	14	-74.35
gain	14	3	-71.82
gain	3	15	-53.79
gain	15	3	-54.46
gain	3	16	-61.06
gain	16	3	-63.41
gain	3	17	-65.22
gain	17	3	-64.32
gain	3	18	-62.73
gain	18	3	-62.87
gain	3	19	-72.18
gain	19	3	-69.57
gain	3	20	-67.99
gain	20	3	-73.12
gain	3	21	-69.09
gain	21	3	-67.81
gain	3	22	-72.32
gain	22	3	-76.82
gain	3	23	-71.28
gain	23	3	-73.14
gain	3	24	-63.68
gain	24	3	-68.25
gain	3	25	-67.07
gain	25	3	-69.25
gain	3	26	-75.50
gain	26	3	-76.50
gain	3	27	-75.19
gain	27	3	-72.64
gain	3	28	-73.48
gain	28	3	-71.64
gain	3	29	-74.68
gain	29	3	-75.20
gain	3	30	-76.93
gain	30	3	-76.97
gain	3	31	-68.19
gain	31	3	-70.16
gain	3	32	-75.91
gain	32	3	-83.26
gain	3	33	-67.72
gain	33	3	-68.85
gain	3	34	-72.30
gain	34	3	-71.79
gain	3	35	-81.86
gain	35	3	-81.92
gain	3	36	-75.09
gain	36	3	-74.92
gain	3	37	-74.77
gain	37	3	-76.19
gain	3	38	-78.15
gain	38	3	-81.01
gain	3	39	-75.21
gain	39	3	-74.44
gain	3	40	-73.17
gain	40	3	-73.73
gain	3	41	-81.51
gain	41	3	-82.38
gain	3	42	-78.53
gain	42	3	-79.80
gain	3	43	-76.83
gain	43	3	-75.36
gain	3	44	-91.44
gain	44	3	-94.24
gain	3	45	-78.64
gain	45	3	-78.85
gain	3	46	-73.90
gain	46	3	-75.33
gain	3	47	-76.92
gain	47	3	-77.34
gain	3	48	-75.41
gain	48	3	-83.04
gain	4	5	-63.91
gain	5	4	-60.88
gain	4	6	-69.80
gain	6	4	-67.14
gain	4	7	-73.71
gain	7	4	-72.06
gain	4	8	-77.16
gain	8	4	-78.46
gain	4	9	-66.96
gain	9	4	-67.64
gain	4	10	-63.18
gain	10	4	-53.02
gain	4	11	-50.74
gain	11	4	-47.76
gain	4	12	-58.67
gain	12	4	-56.41
gain	4	13	-68.61
gain	13	4	-65.42
gain	4	14	-73.38
gain	14	4	-68.06
gain	4	15	-73.57
gain	15	4	-71.45
gain	4	16	-64.01
gain	16	4	-63.57
gain	4	17	-65.66
gain	17	4	-61.97
gain	4	18	-75.40
gain	18	4	-72.75
gain	4	19	-69.94
gain	19	4	-64.54
gain	4	20	-67.06
gain	20	4	-69.40
gain	4	21	-83.99
gain	21	4	-79.92
gain	4	22	-76.95
gain	22	4	-78.67
gain	4	23	-74.08
gain	23	4	-73.16
gain	4	24	-81.04
gain	24	4	-82.83
gain	4	25	-70.92
gain	25	4	-70.31
gain	4	26	-68.83
gain	26	4	-67.04
gain	4	27	-76.33
gain	27	4	-70.99
gain	4	28	-81.12
gain	28	4	-76.50
gain	4	29	-73.48
gain	29	4	-71.21
gain	4	30	-77.96
gain	30	4	-75.21
gain	4	31	-81.09
gain	31	4	-80.27
gain	4	32	-74.00
gain	32	4	-78.55
gain	4	33	-72.91
gain	33	4	-71.26
gain	4	34	-79.15
gain	34	4	-75.85
gain	4	35	-79.73
gain	35	4	-77.00
gain	4	36	-79.70
gain	36	4	-76.74
gain	4	37	-80.62
gain	37	4	-79.25
gain	4	38	-75.34
gain	38	4	-75.41
gain	4	39	-72.88
gain	39	4	-69.32
gain	4	40	-74.44
gain	40	4	-72.21
gain	4	41	-83.71
gain	41	4	-81.81
gain	4	42	-82.14
gain	42	4	-80.62
gain	4	43	-80.62
gain	43	4	-76.36
gain	4	44	-79.87
gain	44	4	-79.88
gain	4	45	-82.28
gain	45	4	-79.71
gain	4	46	-76.11
gain	46	4	-74.76
gain	4	47	-76.91
gain	47	4	-74.54
gain	4	48	-80.68
gain	48	4	-85.52
gain	5	6	-45.73
gain	6	5	-46.10
gain	5	7	-71.80
gain	7	5	-73.18
gain	5	8	-70.02
gain	8	5	-74.35
gain	5	9	-67.88
gain	9	5	-71.60
gain	5	10	-61.17
gain	10	5	-54.05
gain	5	11	-58.30
gain	11	5	-58.36
gain	5	12	-52.09
gain	12	5	-52.87
gain	5	13	-66.60
gain	13	5	-66.44
gain	5	14	-79.69
gain	14	5	-77.41
gain	5	15	-74.46
gain	15	5	-75.38
gain	5	16	-70.10
gain	16	5	-72.69
gain	5	17	-71.62
gain	17	5	-70.96
gain	5	18	-58.08
gain	18	5	-58.46
gain	5	19	-59.66
gain	19	5	-57.29
gain	5	20	-66.92
gain	20	5	-72.30
gain	5	21	-81.09
gain	21	5	-80.05
gain	5	22	-75.30
gain	22	5	-80.05
gain	5	23	-74.82
gain	23	5	-76.93
gain	5	24	-70.11
gain	24	5	-74.92
gain	5	25	-70.47
gain	25	5	-72.89
gain	5	26	-64.58
gain	26	5	-65.83
gain	5	27	-70.79
gain	27	5	-68.48
gain	5	28	-80.25
gain	28	5	-78.66
gain	5	29	-78.09
gain	29	5	-78.85
gain	5	30	-68.51
gain	30	5	-68.79
gain	5	31	-77.04
gain	31	5	-79.26
gain	5	32	-67.35
gain	32	5	-74.94
gain	5	33	-67.23
gain	33	5	-68.61
gain	5	34	-80.99
gain	34	5	-80.72
gain	5	35	-74.77
gain	35	5	-75.07
gain	5	36	-72.47
gain	36	5	-72.54
gain	5	37	-80.23
gain	37	5	-81.90
gain	5	38	-77.49
gain	38	5	-80.59
gain	5	39	-78.60
gain	39	5	-78.08
gain	5	40	-75.79
gain	40	5	-76.59
gain	5	41	-72.66
gain	41	5	-73.78
gain	5	42	-89.09
gain	42	5	-90.60
gain	5	43	-77.72
gain	43	5	-76.49
gain	5	44	-79.01
gain	44	5	-82.05
gain	5	45	-75.70
gain	45	5	-76.17
gain	5	46	-74.15
gain	46	5	-75.83
gain	5	47	-78.43
gain	47	5	-79.08
gain	5	48	-80.37
gain	48	5	-88.24
gain	6	7	-76.83
gain	7	6	-77.85
gain	6	8	-71.96
gain	8	6	-75.92
gain	6	9	-83.13
gain	9	6	-86.48
gain	6	10	-67.76
gain	10	6	-60.27
gain	6	11	-66.56
gain	11	6	-66.24
gain	6	12	-60.78
gain	12	6	-61.19
gain	6	13	-59.11
gain	13	6	-58.58
gain	6	14	-73.04
gain	14	6	-70.39
gain	6	15	-74.67
gain	15	6	-75.21
gain	6	16	-73.35
gain	16	6	-75.58
gain	6	17	-75.81
gain	17	6	-74.79
gain	6	18	-66.25
gain	18	6	-66.27
gain	6	19	-67.00
gain	19	6	-64.27
gain	6	20	-62.18
gain	20	6	-67.19
gain	6	21	-80.65
gain	21	6	-79.25
gain	6	22	-81.29
gain	22	6	-85.67
gain	6	23	-77.68
gain	23	6	-79.42
gain	6	24	-65.99
gain	24	6	-70.45
gain	6	25	-61.85
gain	25	6	-63.91
gain	6	26	-66.37
gain	26	6	-67.25
gain	6	27	-73.67
gain	27	6	-71.00
gain	6	28	-83.38
gain	28	6	-81.42
gain	6	29	-73.79
gain	29	6	-74.19
gain	6	30	-79.08
gain	30	6	-79.00
gain	6	31	-77.40
gain	31	6	-79.25
gain	6	32	-75.03
gain	32	6	-82.25
gain	6	33	-75.42
gain	33	6	-76.43
gain	6	34	-68.83
gain	34	6	-68.20
gain	6	35	-78.65
gain	35	6	-78.59
gain	6	36	-78.82
gain	36	6	-78.53
gain	6	37	-77.11
gain	37	6	-78.40
gain	6	38	-76.66
gain	38	6	-79.39
gain	6	39	-74.26
gain	39	6	-73.37
gain	6	40	-80.25
gain	40	6	-80.68
gain	6	41	-77.31
gain	41	6	-78.07
gain	6	42	-81.11
gain	42	6	-82.26
gain	6	43	-80.10
gain	43	6	-78.50
gain	6	44	-80.93
gain	44	6	-83.61
gain	6	45	-84.12
gain	45	6	-84.21
gain	6	46	-76.87
gain	46	6	-78.18
gain	6	47	-79.89
gain	47	6	-80.18
gain	6	48	-80.16
gain	48	6	-87.67
gain	7	8	-50.97
gain	8	7	-53.91
gain	7	9	-64.30
gain	9	7	-66.64
gain	7	10	-73.99
gain	10	7	-65.48
gain	7	11	-65.68
gain	11	7	-64.35
gain	7	12	-70.99
gain	12	7	-70.38
gain	7	13	-76.99
gain	13	7	-75.45
gain	7	14	-47.21
gain	14	7	-43.55
gain	7	15	-52.74
gain	15	7	-52.26
gain	7	16	-66.04
gain	16	7	-67.25
gain	7	17	-67.56
gain	17	7	-65.52
gain	7	18	-69.66
gain	18	7	-68.65
gain	7	19	-79.97
gain	19	7	-76.22
gain	7	20	-91.52
gain	20	7	-95.51
gain	7	21	-62.97
gain	21	7	-60.55
gain	7	22	-67.71
gain	22	7	-71.07
gain	7	23	-63.03
gain	23	7	-63.76
gain	7	24	-71.97
gain	24	7	-75.41
gain	7	25	-70.62
gain	25	7	-71.66
gain	7	26	-75.31
gain	26	7	-75.17
gain	7	27	-77.53
gain	27	7	-73.84
gain	7	28	-69.27
gain	28	7	-66.29
gain	7	29	-73.21
gain	29	7	-72.59
gain	7	30	-70.78
gain	30	7	-69.67
gain	7	31	-71.11
gain	31	7	-71.95
gain	7	32	-70.02
gain	32	7	-76.22
gain	7	33	-86.48
gain	33	7	-86.48
gain	7	34	-80.30
gain	34	7	-78.64
gain	7	35	-70.05
gain	35	7	-68.98
gain	7	36	-78.33
gain	36	7	-77.01
gain	7	37	-71.59
gain	37	7	-71.87
gain	7	38	-86.82
gain	38	7	-88.54
gain	7	39	-76.15
gain	39	7	-74.24
gain	7	40	-82.78
gain	40	7	-82.20
gain	7	41	-83.89
gain	41	7	-83.63
gain	7	42	-70.32
gain	42	7	-70.45
gain	7	43	-73.97
gain	43	7	-71.36
gain	7	44	-73.10
gain	44	7	-74.76
gain	7	45	-76.58
gain	45	7	-75.66
gain	7	46	-70.01
gain	46	7	-70.30
gain	7	47	-72.47
gain	47	7	-71.75
gain	7	48	-86.51
gain	48	7	-93.00
gain	8	9	-63.03
gain	9	8	-62.42
gain	8	10	-75.10
gain	10	8	-63.65
gain	8	11	-73.53
gain	11	8	-69.25
gain	8	12	-79.82
gain	12	8	-76.26
gain	8	13	-81.82
gain	13	8	-77.34
gain	8	14	-66.77
gain	14	8	-60.15
gain	8	15	-60.12
gain	15	8	-56.71
gain	8	16	-68.34
gain	16	8	-66.61
gain	8	17	-65.21
gain	17	8	-60.23
gain	8	18	-73.58
gain	18	8	-69.63
gain	8	19	-79.07
gain	19	8	-72.37
gain	8	20	-79.81
gain	20	8	-80.86
gain	8	21	-82.20
gain	21	8	-76.84
gain	8	22	-65.18
gain	22	8	-65.60
gain	8	23	-70.06
gain	23	8	-67.84
gain	8	24	-71.57
gain	24	8	-72.06
gain	8	25	-81.18
gain	25	8	-79.28
gain	8	26	-82.32
gain	26	8	-79.24
gain	8	27	-74.87
gain	27	8	-68.24
gain	8	28	-77.96
gain	28	8	-72.04
gain	8	29	-73.64
gain	29	8	-70.07
gain	8	30	-68.81
gain	30	8	-64.77
gain	8	31	-78.48
gain	31	8	-76.37
gain	8	32	-72.89
gain	32	8	-76.15
gain	8	33	-72.62
gain	33	8	-69.67
gain	8	34	-86.31
gain	34	8	-81.71
gain	8	35	-77.31
gain	35	8	-73.29
gain	8	36	-72.67
gain	36	8	-68.41
gain	8	37	-70.11
gain	37	8	-67.45
gain	8	38	-72.33
gain	38	8	-71.10
gain	8	39	-82.61
gain	39	8	-77.76
gain	8	40	-75.36
gain	40	8	-71.83
gain	8	41	-88.00
gain	41	8	-84.80
gain	8	42	-83.90
gain	42	8	-81.09
gain	8	43	-76.91
gain	43	8	-71.35
gain	8	44	-70.06
gain	44	8	-68.77
gain	8	45	-82.56
gain	45	8	-78.69
gain	8	46	-77.70
gain	46	8	-75.05
gain	8	47	-80.48
gain	47	8	-76.81
gain	8	48	-84.29
gain	48	8	-87.83
gain	9	10	-57.72
gain	10	9	-46.88
gain	9	11	-61.94
gain	11	9	-58.27
gain	9	12	-73.15
gain	12	9	-70.21
gain	9	13	-87.07
gain	13	9	-83.20
gain	9	14	-69.69
gain	14	9	-63.68
gain	9	15	-63.11
gain	15	9	-60.31
gain	9	16	-60.13
gain	16	9	-59.00
gain	9	17	-65.29
gain	17	9	-60.91
gain	9	18	-66.80
gain	18	9	-63.46
gain	9	19	-72.67
gain	19	9	-66.58
gain	9	20	-71.24
gain	20	9	-72.90
gain	9	21	-71.88
gain	21	9	-67.12
gain	9	22	-65.04
gain	22	9	-66.07
gain	9	23	-67.79
gain	23	9	-66.18
gain	9	24	-69.49
gain	24	9	-70.59
gain	9	25	-72.94
gain	25	9	-71.64
gain	9	26	-78.16
gain	26	9	-75.68
gain	9	27	-70.56
gain	27	9	-64.54
gain	9	28	-83.99
gain	28	9	-78.67
gain	9	29	-72.78
gain	29	9	-69.82
gain	9	30	-69.82
gain	30	9	-66.38
gain	9	31	-70.90
gain	31	9	-69.40
gain	9	32	-67.89
gain	32	9	-71.76
gain	9	33	-67.89
gain	33	9	-65.55
gain	9	34	-77.10
gain	34	9	-73.11
gain	9	35	-81.13
gain	35	9	-77.71
gain	9	36	-77.04
gain	36	9	-73.39
gain	9	37	-76.44
gain	37	9	-74.38
gain	9	38	-67.88
gain	38	9	-67.26
gain	9	39	-76.02
gain	39	9	-71.78
gain	9	40	-81.00
gain	40	9	-78.09
gain	9	41	-79.74
gain	41	9	-77.14
gain	9	42	-82.24
gain	42	9	-80.04
gain	9	43	-75.64
gain	43	9	-70.69
gain	9	44	-83.37
gain	44	9	-82.70
gain	9	45	-73.45
gain	45	9	-70.19
gain	9	46	-76.37
gain	46	9	-74.33
gain	9	47	-78.16
gain	47	9	-75.10
gain	9	48	-83.06
gain	48	9	-87.21
gain	10	11	-39.37
gain	11	10	-46.55
gain	10	12	-53.85
gain	12	10	-61.75
gain	10	13	-64.76
gain	13	10	-71.73
gain	10	14	-63.68
gain	14	10	-68.52
gain	10	15	-58.69
gain	15	10	-66.73
gain	10	16	-55.13
gain	16	10	-64.84
gain	10	17	-49.39
gain	17	10	-55.85
gain	10	18	-50.05
gain	18	10	-57.55
gain	10	19	-56.89
gain	19	10	-61.64
gain	10	20	-60.98
gain	20	10	-73.48
gain	10	21	-60.77
gain	21	10	-66.86
gain	10	22	-64.81
gain	22	10	-76.67
gain	10	23	-59.66
gain	23	10	-68.89
gain	10	24	-58.23
gain	24	10	-70.17
gain	10	25	-57.12
gain	25	10	-66.67
gain	10	26	-62.25
gain	26	10	-70.62
gain	10	27	-58.15
gain	27	10	-62.97
gain	10	28	-72.87
gain	28	10	-78.40
gain	10	29	-58.37
gain	29	10	-66.26
gain	10	30	-67.70
gain	30	10	-75.11
gain	10	31	-60.32
gain	31	10	-69.66
gain	10	32	-61.81
gain	32	10	-76.52
gain	10	33	-62.20
gain	33	10	-70.70
gain	10	34	-66.41
gain	34	10	-73.26
gain	10	35	-73.47
gain	35	10	-80.90
gain	10	36	-71.04
gain	36	10	-78.23
gain	10	37	-58.45
gain	37	10	-67.24
gain	10	38	-58.32
gain	38	10	-68.55
gain	10	39	-61.87
gain	39	10	-68.47
gain	10	40	-68.24
gain	40	10	-76.17
gain	10	41	-67.34
gain	41	10	-75.58
gain	10	42	-70.42
gain	42	10	-79.06
gain	10	43	-66.37
gain	43	10	-72.26
gain	10	44	-67.46
gain	44	10	-77.62
gain	10	45	-65.20
gain	45	10	-72.78
gain	10	46	-70.22
gain	46	10	-79.02
gain	10	47	-64.36
gain	47	10	-72.14
gain	10	48	-63.55
gain	48	10	-78.55
gain	11	12	-57.41
gain	12	11	-58.13
gain	11	13	-64.52
gain	13	11	-64.32
gain	11	14	-76.06
gain	14	11	-73.73
gain	11	15	-64.46
gain	15	11	-65.33
gain	11	16	-69.64
gain	16	11	-72.18
gain	11	17	-56.73
gain	17	11	-56.02
gain	11	18	-53.48
gain	18	11	-53.81
gain	11	19	-61.57
gain	19	11	-59.15
gain	11	20	-59.02
gain	20	11	-64.34
gain	11	21	-81.34
gain	21	11	-80.25
gain	11	22	-75.65
gain	22	11	-80.34
gain	11	23	-71.71
gain	23	11	-73.77
gain	11	24	-66.44
gain	24	11	-71.21
gain	11	25	-57.09
gain	25	11	-59.46
gain	11	26	-64.74
gain	26	11	-65.93
gain	11	27	-67.01
gain	27	11	-64.66
gain	11	28	-76.17
gain	28	11	-74.52
gain	11	29	-68.34
gain	29	11	-69.05
gain	11	30	-66.75
gain	30	11	-66.98
gain	11	31	-71.56
gain	31	11	-73.72
gain	11	32	-58.40
gain	32	11	-65.94
gain	11	33	-74.92
gain	33	11	-76.25
gain	11	34	-74.94
gain	34	11	-74.61
gain	11	35	-78.83
gain	35	11	-79.09
gain	11	36	-74.23
gain	36	11	-74.25
gain	11	37	-71.87
gain	37	11	-73.48
gain	11	38	-71.68
gain	38	11	-74.73
gain	11	39	-77.97
gain	39	11	-77.40
gain	11	40	-69.82
gain	40	11	-70.57
gain	11	41	-66.60
gain	41	11	-67.67
gain	11	42	-74.73
gain	42	11	-76.19
gain	11	43	-77.34
gain	43	11	-76.06
gain	11	44	-80.58
gain	44	11	-83.58
gain	11	45	-79.05
gain	45	11	-79.46
gain	11	46	-63.82
gain	46	11	-65.44
gain	11	47	-75.32
gain	47	11	-75.92
gain	11	48	-82.22
gain	48	11	-90.04
gain	12	13	-52.64
gain	13	12	-51.71
gain	12	14	-74.52
gain	14	12	-71.46
gain	12	15	-66.22
gain	15	12	-66.35
gain	12	16	-70.27
gain	16	12	-72.08
gain	12	17	-62.33
gain	17	12	-60.90
gain	12	18	-62.81
gain	18	12	-62.42
gain	12	19	-54.74
gain	19	12	-51.60
gain	12	20	-54.27
gain	20	12	-58.87
gain	12	21	-74.37
gain	21	12	-72.56
gain	12	22	-73.94
gain	22	12	-77.91
gain	12	23	-74.02
gain	23	12	-75.35
gain	12	24	-66.02
gain	24	12	-70.06
gain	12	25	-66.05
gain	25	12	-67.70
gain	12	26	-60.55
gain	26	12	-61.02
gain	12	27	-66.85
gain	27	12	-63.77
gain	12	28	-79.21
gain	28	12	-76.84
gain	12	29	-75.38
gain	29	12	-75.37
gain	12	30	-71.53
gain	30	12	-71.04
gain	12	31	-74.91
gain	31	12	-76.35
gain	12	32	-68.91
gain	32	12	-75.73
gain	12	33	-68.08
gain	33	12	-68.69
gain	12	34	-64.64
gain	34	12	-63.60
gain	12	35	-81.33
gain	35	12	-80.86
gain	12	36	-78.93
gain	36	12	-78.23
gain	12	37	-75.99
gain	37	12	-76.88
gain	12	38	-70.68
gain	38	12	-73.01
gain	12	39	-75.37
gain	39	12	-74.07
gain	12	40	-74.47
gain	40	12	-74.50
gain	12	41	-65.56
gain	41	12	-65.91
gain	12	42	-76.25
gain	42	12	-76.99
gain	12	43	-76.28
gain	43	12	-74.28
gain	12	44	-73.35
gain	44	12	-75.62
gain	12	45	-73.38
gain	45	12	-73.07
gain	12	46	-71.28
gain	46	12	-72.18
gain	12	47	-82.05
gain	47	12	-81.94
gain	12	48	-76.49
gain	48	12	-83.59
gain	13	14	-80.31
gain	14	13	-78.18
gain	13	15	-74.88
gain	15	13	-75.94
gain	13	16	-78.21
gain	16	13	-80.96
gain	13	17	-73.49
gain	17	13	-72.99
gain	13	18	-64.46
gain	18	13	-65.00
gain	13	19	-61.45
gain	19	13	-59.24
gain	13	20	-53.45
gain	20	13	-58.98
gain	13	21	-74.29
gain	21	13	-73.41
gain	13	22	-74.32
gain	22	13	-79.22
gain	13	23	-76.37
gain	23	13	-78.64
gain	13	24	-70.76
gain	24	13	-75.74
gain	13	25	-64.60
gain	25	13	-67.18
gain	13	26	-68.90
gain	26	13	-70.30
gain	13	27	-64.80
gain	27	13	-62.65
gain	13	28	-74.33
gain	28	13	-72.89
gain	13	29	-78.12
gain	29	13	-79.04
gain	13	30	-79.05
gain	30	13	-79.49
gain	13	31	-70.40
gain	31	13	-72.78
gain	13	32	-70.10
gain	32	13	-77.84
gain	13	33	-63.97
gain	33	13	-65.50
gain	13	34	-65.81
gain	34	13	-65.70
gain	13	35	-75.75
gain	35	13	-76.21
gain	13	36	-72.31
gain	36	13	-72.54
gain	13	37	-70.53
gain	37	13	-72.35
gain	13	38	-70.16
gain	38	13	-73.41
gain	13	39	-66.05
gain	39	13	-65.69
gain	13	40	-67.99
gain	40	13	-68.95
gain	13	41	-64.87
gain	41	13	-66.15
gain	13	42	-84.79
gain	42	13	-86.47
gain	13	43	-78.18
gain	43	13	-77.11
gain	13	44	-78.52
gain	44	13	-81.72
gain	13	45	-78.60
gain	45	13	-79.22
gain	13	46	-84.11
gain	46	13	-85.95
gain	13	47	-69.67
gain	47	13	-70.49
gain	13	48	-70.42
gain	48	13	-78.45
gain	14	15	-49.11
gain	15	14	-52.31
gain	14	16	-58.27
gain	16	14	-63.15
gain	14	17	-63.26
gain	17	14	-64.89
gain	14	18	-66.61
gain	18	14	-69.27
gain	14	19	-70.17
gain	19	14	-70.09
gain	14	20	-74.06
gain	20	14	-81.72
gain	14	21	-47.18
gain	21	14	-48.43
gain	14	22	-59.61
gain	22	14	-66.64
gain	14	23	-66.11
gain	23	14	-70.51
gain	14	24	-58.96
gain	24	14	-66.07
gain	14	25	-73.52
gain	25	14	-78.23
gain	14	26	-76.12
gain	26	14	-79.65
gain	14	27	-77.50
gain	27	14	-77.48
gain	14	28	-60.22
gain	28	14	-60.91
gain	14	29	-65.72
gain	29	14	-68.77
gain	14	30	-60.25
gain	30	14	-62.82
gain	14	31	-64.74
gain	31	14	-69.24
gain	14	32	-67.37
gain	32	14	-77.25
gain	14	33	-71.56
gain	33	14	-75.22
gain	14	34	-77.80
gain	34	14	-79.82
gain	14	35	-57.27
gain	35	14	-59.86
gain	14	36	-71.35
gain	36	14	-73.71
gain	14	37	-60.46
gain	37	14	-64.41
gain	14	38	-68.30
gain	38	14	-73.68
gain	14	39	-75.43
gain	39	14	-77.19
gain	14	40	-75.14
gain	40	14	-78.23
gain	14	41	-77.46
gain	41	14	-80.87
gain	14	42	-66.63
gain	42	14	-70.43
gain	14	43	-72.72
gain	43	14	-73.78
gain	14	44	-74.25
gain	44	14	-79.57
gain	14	45	-70.71
gain	45	14	-73.46
gain	14	46	-69.98
gain	46	14	-73.95
gain	14	47	-76.85
gain	47	14	-79.79
gain	14	48	-81.80
gain	48	14	-91.96
gain	15	16	-47.44
gain	16	15	-49.12
gain	15	17	-63.97
gain	17	15	-62.41
gain	15	18	-78.54
gain	18	15	-78.01
gain	15	19	-75.60
gain	19	15	-72.32
gain	15	20	-74.47
gain	20	15	-78.93
gain	15	21	-58.70
gain	21	15	-56.75
gain	15	22	-55.36
gain	22	15	-59.20
gain	15	23	-63.97
gain	23	15	-65.17
gain	15	24	-65.67
gain	24	15	-69.58
gain	15	25	-67.21
gain	25	15	-68.72
gain	15	26	-81.56
gain	26	15	-81.89
gain	15	27	-78.39
gain	27	15	-75.18
gain	15	28	-64.28
gain	28	15	-61.77
gain	15	29	-61.95
gain	29	15	-61.80
gain	15	30	-65.37
gain	30	15	-64.74
gain	15	31	-69.00
gain	31	15	-70.31
gain	15	32	-73.37
gain	32	15	-80.05
gain	15	33	-79.77
gain	33	15	-80.24
gain	15	34	-73.55
gain	34	15	-72.36
gain	15	35	-67.51
gain	35	15	-66.91
gain	15	36	-76.90
gain	36	15	-76.06
gain	15	37	-66.29
gain	37	15	-67.04
gain	15	38	-74.11
gain	38	15	-76.29
gain	15	39	-76.58
gain	39	15	-75.15
gain	15	40	-80.17
gain	40	15	-80.06
gain	15	41	-77.09
gain	41	15	-77.30
gain	15	42	-75.41
gain	42	15	-76.02
gain	15	43	-67.15
gain	43	15	-65.01
gain	15	44	-75.79
gain	44	15	-77.92
gain	15	45	-70.27
gain	45	15	-69.82
gain	15	46	-77.87
gain	46	15	-78.63
gain	15	47	-72.80
gain	47	15	-72.54
gain	15	48	-79.70
gain	48	15	-86.66
gain	16	17	-48.25
gain	17	16	-45.00
gain	16	18	-72.26
gain	18	16	-70.05
gain	16	19	-72.40
gain	19	16	-67.44
gain	16	20	-68.27
gain	20	16	-71.05
gain	16	21	-73.65
gain	21	16	-70.02
gain	16	22	-64.33
gain	22	16	-66.49
gain	16	23	-58.79
gain	23	16	-58.31
gain	16	24	-61.02
gain	24	16	-63.24
gain	16	25	-64.18
gain	25	16	-64.01
gain	16	26	-70.44
gain	26	16	-69.09
gain	16	27	-76.17
gain	27	16	-71.27
gain	16	28	-68.93
gain	28	16	-64.75
gain	16	29	-63.40
gain	29	16	-61.57
gain	16	30	-71.23
gain	30	16	-68.93
gain	16	31	-63.61
gain	31	16	-63.23
gain	16	32	-72.70
gain	32	16	-77.69
gain	16	33	-72.67
gain	33	16	-71.46
gain	16	34	-75.10
gain	34	16	-72.23
gain	16	35	-69.72
gain	35	16	-67.44
gain	16	36	-77.05
gain	36	16	-74.53
gain	16	37	-72.47
gain	37	16	-71.54
gain	16	38	-65.79
gain	38	16	-66.30
gain	16	39	-70.04
gain	39	16	-66.93
gain	16	40	-73.78
gain	40	16	-71.99
gain	16	41	-66.10
gain	41	16	-64.63
gain	16	42	-75.32
gain	42	16	-74.24
gain	16	43	-69.03
gain	43	16	-65.20
gain	16	44	-74.06
gain	44	16	-74.51
gain	16	45	-71.50
gain	45	16	-69.37
gain	16	46	-77.21
gain	46	16	-76.30
gain	16	47	-72.85
gain	47	16	-70.92
gain	16	48	-80.05
gain	48	16	-85.33
gain	17	18	-57.36
gain	18	17	-58.40
gain	17	19	-50.56
gain	19	17	-48.84
gain	17	20	-68.73
gain	20	17	-74.77
gain	17	21	-73.48
gain	21	17	-73.11
gain	17	22	-61.16
gain	22	17	-66.57
gain	17	23	-59.63
gain	23	17	-62.40
gain	17	24	-52.23
gain	24	17	-57.70
gain	17	25	-62.75
gain	25	17	-65.83
gain	17	26	-67.86
gain	26	17	-69.76
gain	17	27	-60.13
gain	27	17	-58.48
gain	17	28	-78.24
gain	28	17	-77.30
gain	17	29	-71.81
gain	29	17	-73.23
gain	17	30	-60.14
gain	30	17	-61.08
gain	17	31	-63.76
gain	31	17	-66.63
gain	17	32	-66.03
gain	32	17	-74.27
gain	17	33	-63.42
gain	33	17	-65.46
gain	17	34	-70.82
gain	34	17	-71.20
gain	17	35	-75.80
gain	35	17	-76.76
gain	17	36	-69.30
gain	36	17	-70.03
gain	17	37	-75.37
gain	37	17	-77.69
gain	17	38	-62.94
gain	38	17	-66.70
gain	17	39	-64.16
gain	39	17	-64.29
gain	17	40	-65.29
gain	40	17	-66.75
gain	17	41	-74.20
gain	41	17	-75.98
gain	17	42	-80.11
gain	42	17	-82.28
gain	17	43	-75.91
gain	43	17	-75.33
gain	17	44	-68.21
gain	44	17	-71.91
gain	17	45	-68.66
gain	45	17	-69.78
gain	17	46	-72.89
gain	46	17	-75.22
gain	17	47	-67.94
gain	47	17	-69.25
gain	17	48	-70.45
gain	48	17	-78.98
gain	18	19	-51.25
gain	19	18	-48.50
gain	18	20	-58.35
gain	20	18	-63.34
gain	18	21	-68.75
gain	21	18	-67.33
gain	18	22	-70.87
gain	22	18	-75.23
gain	18	23	-65.01
gain	23	18	-66.74
gain	18	24	-59.94
gain	24	18	-64.37
gain	18	25	-64.79
gain	25	18	-66.83
gain	18	26	-57.73
gain	26	18	-58.60
gain	18	27	-64.36
gain	27	18	-61.67
gain	18	28	-71.28
gain	28	18	-69.31
gain	18	29	-70.84
gain	29	18	-71.22
gain	18	30	-67.77
gain	30	18	-67.67
gain	18	31	-63.96
gain	31	18	-65.80
gain	18	32	-62.73
gain	32	18	-69.94
gain	18	33	-62.30
gain	33	18	-63.30
gain	18	34	-63.16
gain	34	18	-62.50
gain	18	35	-78.22
gain	35	18	-78.15
gain	18	36	-75.03
gain	36	18	-74.72
gain	18	37	-75.91
gain	37	18	-77.19
gain	18	38	-72.18
gain	38	18	-74.90
gain	18	39	-64.15
gain	39	18	-63.25
gain	18	40	-68.35
gain	40	18	-68.78
gain	18	41	-64.58
gain	41	18	-65.32
gain	18	42	-82.24
gain	42	18	-83.37
gain	18	43	-74.75
gain	43	18	-73.14
gain	18	44	-73.91
gain	44	18	-76.57
gain	18	45	-73.75
gain	45	18	-73.83
gain	18	46	-72.24
gain	46	18	-73.54
gain	18	47	-74.22
gain	47	18	-74.50
gain	18	48	-73.53
gain	48	18	-81.02
gain	19	20	-53.52
gain	20	19	-61.26
gain	19	21	-70.13
gain	21	19	-71.46
gain	19	22	-64.55
gain	22	19	-71.67
gain	19	23	-65.45
gain	23	19	-69.93
gain	19	24	-64.51
gain	24	19	-71.70
gain	19	25	-49.62
gain	25	19	-54.41
gain	19	26	-55.43
gain	26	19	-59.04
gain	19	27	-55.37
gain	27	19	-55.43
gain	19	28	-72.45
gain	28	19	-73.22
gain	19	29	-70.07
gain	29	19	-73.20
gain	19	30	-72.08
gain	30	19	-74.73
gain	19	31	-60.17
gain	31	19	-64.75
gain	19	32	-65.69
gain	32	19	-75.65
gain	19	33	-66.04
gain	33	19	-69.79
gain	19	34	-56.51
gain	34	19	-58.61
gain	19	35	-66.11
gain	35	19	-68.78
gain	19	36	-68.26
gain	36	19	-70.70
gain	19	37	-74.36
gain	37	19	-78.39
gain	19	38	-71.66
gain	38	19	-77.13
gain	19	39	-66.11
gain	39	19	-67.96
gain	19	40	-61.60
gain	40	19	-64.77
gain	19	41	-69.07
gain	41	19	-72.56
gain	19	42	-77.64
gain	42	19	-81.52
gain	19	43	-69.27
gain	43	19	-70.41
gain	19	44	-68.49
gain	44	19	-73.90
gain	19	45	-65.83
gain	45	19	-68.66
gain	19	46	-69.08
gain	46	19	-73.13
gain	19	47	-69.58
gain	47	19	-72.61
gain	19	48	-61.84
gain	48	19	-72.08
gain	20	21	-86.21
gain	21	20	-79.80
gain	20	22	-81.37
gain	22	20	-80.74
gain	20	23	-80.83
gain	23	20	-77.57
gain	20	24	-82.65
gain	24	20	-82.10
gain	20	25	-76.15
gain	25	20	-73.20
gain	20	26	-61.01
gain	26	20	-56.88
gain	20	27	-66.08
gain	27	20	-58.40
gain	20	28	-77.91
gain	28	20	-70.94
gain	20	29	-80.82
gain	29	20	-76.20
gain	20	30	-74.39
gain	30	20	-69.29
gain	20	31	-70.97
gain	31	20	-67.81
gain	20	32	-74.39
gain	32	20	-76.60
gain	20	33	-72.77
gain	33	20	-68.77
gain	20	34	-60.81
gain	34	20	-55.16
gain	20	35	-80.67
gain	35	20	-75.60
gain	20	36	-84.05
gain	36	20	-78.75
gain	20	37	-81.79
gain	37	20	-78.08
gain	20	38	-73.04
gain	38	20	-70.76
gain	20	39	-75.50
gain	39	20	-69.60
gain	20	40	-75.25
gain	40	20	-70.68
gain	20	41	-68.95
gain	41	20	-64.70
gain	20	42	-82.61
gain	42	20	-78.75
gain	20	43	-81.93
gain	43	20	-75.33
gain	20	44	-83.28
gain	44	20	-80.94
gain	20	45	-80.31
gain	45	20	-75.39
gain	20	46	-73.49
gain	46	20	-69.79
gain	20	47	-72.86
gain	47	20	-68.14
gain	20	48	-83.24
gain	48	20	-85.73
gain	21	22	-56.89
gain	22	21	-62.67
gain	21	23	-60.48
gain	23	21	-63.63
gain	21	24	-70.87
gain	24	21	-76.72
gain	21	25	-70.66
gain	25	21	-74.12
gain	21	26	-64.38
gain	26	21	-66.66
gain	21	27	-83.65
gain	27	21	-82.38
gain	21	28	-54.97
gain	28	21	-54.41
gain	21	29	-57.91
gain	29	21	-59.70
gain	21	30	-58.31
gain	30	21	-59.63
gain	21	31	-63.85
gain	31	21	-67.10
gain	21	32	-75.33
gain	32	21	-83.95
gain	21	33	-74.61
gain	33	21	-77.02
gain	21	34	-79.54
gain	34	21	-80.30
gain	21	35	-47.73
gain	35	21	-49.07
gain	21	36	-61.13
gain	36	21	-62.24
gain	21	37	-69.79
gain	37	21	-72.49
gain	21	38	-70.09
gain	38	21	-74.23
gain	21	39	-72.14
gain	39	21	-72.65
gain	21	40	-77.00
gain	40	21	-78.84
gain	21	41	-76.25
gain	41	21	-78.41
gain	21	42	-70.26
gain	42	21	-72.81
gain	21	43	-64.39
gain	43	21	-64.19
gain	21	44	-69.10
gain	44	21	-73.18
gain	21	45	-71.74
gain	45	21	-73.23
gain	21	46	-74.50
gain	46	21	-77.22
gain	21	47	-76.46
gain	47	21	-78.16
gain	21	48	-69.66
gain	48	21	-78.57
gain	22	23	-54.77
gain	23	22	-52.13
gain	22	24	-59.86
gain	24	22	-59.93
gain	22	25	-73.67
gain	25	22	-71.35
gain	22	26	-82.89
gain	26	22	-79.39
gain	22	27	-82.40
gain	27	22	-75.35
gain	22	28	-65.22
gain	28	22	-58.88
gain	22	29	-65.67
gain	29	22	-61.69
gain	22	30	-65.09
gain	30	22	-60.62
gain	22	31	-67.85
gain	31	22	-65.32
gain	22	32	-77.52
gain	32	22	-80.36
gain	22	33	-76.37
gain	33	22	-73.00
gain	22	34	-84.50
gain	34	22	-79.48
gain	22	35	-68.05
gain	35	22	-63.61
gain	22	36	-73.04
gain	36	22	-68.37
gain	22	37	-69.34
gain	37	22	-66.25
gain	22	38	-71.56
gain	38	22	-69.91
gain	22	39	-83.61
gain	39	22	-78.34
gain	22	40	-79.26
gain	40	22	-75.32
gain	22	41	-79.57
gain	41	22	-75.95
gain	22	42	-79.22
gain	42	22	-75.99
gain	22	43	-73.61
gain	43	22	-67.63
gain	22	44	-67.75
gain	44	22	-66.04
gain	22	45	-72.81
gain	45	22	-68.52
gain	22	46	-82.60
gain	46	22	-79.53
gain	22	47	-85.57
gain	47	22	-81.48
gain	22	48	-78.85
gain	48	22	-81.98
gain	23	24	-48.07
gain	24	23	-50.78
gain	23	25	-66.72
gain	25	23	-67.03
gain	23	26	-75.15
gain	26	23	-74.28
gain	23	27	-73.42
gain	27	23	-69.01
gain	23	28	-65.60
gain	28	23	-61.89
gain	23	29	-58.59
gain	29	23	-57.24
gain	23	30	-54.32
gain	30	23	-52.49
gain	23	31	-59.95
gain	31	23	-60.05
gain	23	32	-65.56
gain	32	23	-71.04
gain	23	33	-73.15
gain	33	23	-72.41
gain	23	34	-79.62
gain	34	23	-77.24
gain	23	35	-72.90
gain	35	23	-71.09
gain	23	36	-59.43
gain	36	23	-57.39
gain	23	37	-69.58
gain	37	23	-69.13
gain	23	38	-68.96
gain	38	23	-69.95
gain	23	39	-74.36
gain	39	23	-71.72
gain	23	40	-68.78
gain	40	23	-67.48
gain	23	41	-73.33
gain	41	23	-72.34
gain	23	42	-68.60
gain	42	23	-68.01
gain	23	43	-73.08
gain	43	23	-69.74
gain	23	44	-73.05
gain	44	23	-73.98
gain	23	45	-78.66
gain	45	23	-77.01
gain	23	46	-75.15
gain	46	23	-74.72
gain	23	47	-74.40
gain	47	23	-72.95
gain	23	48	-84.02
gain	48	23	-89.78
gain	24	25	-56.85
gain	25	24	-54.45
gain	24	26	-69.50
gain	26	24	-65.92
gain	24	27	-65.22
gain	27	24	-58.10
gain	24	28	-72.41
gain	28	24	-65.99
gain	24	29	-74.65
gain	29	24	-70.60
gain	24	30	-70.74
gain	30	24	-66.21
gain	24	31	-61.91
gain	31	24	-59.31
gain	24	32	-63.70
gain	32	24	-66.47
gain	24	33	-70.50
gain	33	24	-67.06
gain	24	34	-76.72
gain	34	24	-71.63
gain	24	35	-73.95
gain	35	24	-69.44
gain	24	36	-68.64
gain	36	24	-63.89
gain	24	37	-72.78
gain	37	24	-69.62
gain	24	38	-66.96
gain	38	24	-65.24
gain	24	39	-66.99
gain	39	24	-61.65
gain	24	40	-58.18
gain	40	24	-54.17
gain	24	41	-73.36
gain	41	24	-69.66
gain	24	42	-79.28
gain	42	24	-75.98
gain	24	43	-74.37
gain	43	24	-68.32
gain	24	44	-75.33
gain	44	24	-73.55
gain	24	45	-67.65
gain	45	24	-63.30
gain	24	46	-71.24
gain	46	24	-68.10
gain	24	47	-75.42
gain	47	24	-71.26
gain	24	48	-77.91
gain	48	24	-80.97
gain	25	26	-60.43
gain	26	25	-59.25
gain	25	27	-66.68
gain	27	25	-61.96
gain	25	28	-66.66
gain	28	25	-62.64
gain	25	29	-76.49
gain	29	25	-74.83
gain	25	30	-63.50
gain	30	25	-61.36
gain	25	31	-63.46
gain	31	25	-63.26
gain	25	32	-58.97
gain	32	25	-64.13
gain	25	33	-58.30
gain	33	25	-57.26
gain	25	34	-72.10
gain	34	25	-69.40
gain	25	35	-68.32
gain	35	25	-66.20
gain	25	36	-73.95
gain	36	25	-71.60
gain	25	37	-66.54
gain	37	25	-65.78
gain	25	38	-74.07
gain	38	25	-74.74
gain	25	39	-72.59
gain	39	25	-69.65
gain	25	40	-66.43
gain	40	25	-64.82
gain	25	41	-74.32
gain	41	25	-73.02
gain	25	42	-78.37
gain	42	25	-77.47
gain	25	43	-70.74
gain	43	25	-67.09
gain	25	44	-67.50
gain	44	25	-68.11
gain	25	45	-80.42
gain	45	25	-78.46
gain	25	46	-72.24
gain	46	25	-71.49
gain	25	47	-65.53
gain	47	25	-63.76
gain	25	48	-71.91
gain	48	25	-77.36
gain	26	27	-58.34
gain	27	26	-54.80
gain	26	28	-74.16
gain	28	26	-71.32
gain	26	29	-76.47
gain	29	26	-75.99
gain	26	30	-64.38
gain	30	26	-63.42
gain	26	31	-54.92
gain	31	26	-55.89
gain	26	32	-61.47
gain	32	26	-67.82
gain	26	33	-62.21
gain	33	26	-62.34
gain	26	34	-54.48
gain	34	26	-52.97
gain	26	35	-79.38
gain	35	26	-78.44
gain	26	36	-75.35
gain	36	26	-74.18
gain	26	37	-74.89
gain	37	26	-75.30
gain	26	38	-67.12
gain	38	26	-68.98
gain	26	39	-62.59
gain	39	26	-60.83
gain	26	40	-57.40
gain	40	26	-56.96
gain	26	41	-59.78
gain	41	26	-59.66
gain	26	42	-73.97
gain	42	26	-74.24
gain	26	43	-71.95
gain	43	26	-69.47
gain	26	44	-81.64
gain	44	26	-83.44
gain	26	45	-66.58
gain	45	26	-65.80
gain	26	46	-74.36
gain	46	26	-74.79
gain	26	47	-75.44
gain	47	26	-74.85
gain	26	48	-68.99
gain	48	26	-75.62
gain	27	28	-81.03
gain	28	27	-81.74
gain	27	29	-71.76
gain	29	27	-74.83
gain	27	30	-67.45
gain	30	27	-70.03
gain	27	31	-68.84
gain	31	27	-73.36
gain	27	32	-63.10
gain	32	27	-72.99
gain	27	33	-58.96
gain	33	27	-62.64
gain	27	34	-49.46
gain	34	27	-51.49
gain	27	35	-74.22
gain	35	27	-76.83
gain	27	36	-75.85
gain	36	27	-78.23
gain	27	37	-68.20
gain	37	27	-72.17
gain	27	38	-66.24
gain	38	27	-71.65
gain	27	39	-64.16
gain	39	27	-65.94
gain	27	40	-66.08
gain	40	27	-69.19
gain	27	41	-65.24
gain	41	27	-68.67
gain	27	42	-80.97
gain	42	27	-84.79
gain	27	43	-71.26
gain	43	27	-72.34
gain	27	44	-78.16
gain	44	27	-83.51
gain	27	45	-65.86
gain	45	27	-68.63
gain	27	46	-72.56
gain	46	27	-76.54
gain	27	47	-59.16
gain	47	27	-62.13
gain	27	48	-62.01
gain	48	27	-72.18
gain	28	29	-48.55
gain	29	28	-50.91
gain	28	30	-64.59
gain	30	28	-66.46
gain	28	31	-63.27
gain	31	28	-67.08
gain	28	32	-69.69
gain	32	28	-78.87
gain	28	33	-69.52
gain	33	28	-72.49
gain	28	34	-78.96
gain	34	28	-80.28
gain	28	35	-52.19
gain	35	28	-54.09
gain	28	36	-54.57
gain	36	28	-56.23
gain	28	37	-66.85
gain	37	28	-70.11
gain	28	38	-67.34
gain	38	28	-72.03
gain	28	39	-75.02
gain	39	28	-76.10
gain	28	40	-66.83
gain	40	28	-69.23
gain	28	41	-71.56
gain	41	28	-74.27
gain	28	42	-64.77
gain	42	28	-67.88
gain	28	43	-63.65
gain	43	28	-64.02
gain	28	44	-73.87
gain	44	28	-78.51
gain	28	45	-65.31
gain	45	28	-67.37
gain	28	46	-66.23
gain	46	28	-69.51
gain	28	47	-70.99
gain	47	28	-73.24
gain	28	48	-75.59
gain	48	28	-85.06
gain	29	30	-54.89
gain	30	29	-54.41
gain	29	31	-63.46
gain	31	29	-64.92
gain	29	32	-75.41
gain	32	29	-82.23
gain	29	33	-73.60
gain	33	29	-74.22
gain	29	34	-81.74
gain	34	29	-80.71
gain	29	35	-65.75
gain	35	29	-65.30
gain	29	36	-64.32
gain	36	29	-63.63
gain	29	37	-55.47
gain	37	29	-56.37
gain	29	38	-69.51
gain	38	29	-71.85
gain	29	39	-66.52
gain	39	29	-65.24
gain	29	40	-69.35
gain	40	29	-69.40
gain	29	41	-79.74
gain	41	29	-80.10
gain	29	42	-58.91
gain	42	29	-59.66
gain	29	43	-66.52
gain	43	29	-64.53
gain	29	44	-58.11
gain	44	29	-60.39
gain	29	45	-70.20
gain	45	29	-69.89
gain	29	46	-71.22
gain	46	29	-72.14
gain	29	47	-79.40
gain	47	29	-79.30
gain	29	48	-81.41
gain	48	29	-88.52
gain	30	31	-55.07
gain	31	30	-57.01
gain	30	32	-56.86
gain	32	30	-64.17
gain	30	33	-73.13
gain	33	30	-74.23
gain	30	34	-74.09
gain	34	30	-73.53
gain	30	35	-68.77
gain	35	30	-68.79
gain	30	36	-55.51
gain	36	30	-55.30
gain	30	37	-50.34
gain	37	30	-51.72
gain	30	38	-60.27
gain	38	30	-63.09
gain	30	39	-63.55
gain	39	30	-62.75
gain	30	40	-70.95
gain	40	30	-71.47
gain	30	41	-77.12
gain	41	30	-77.96
gain	30	42	-63.53
gain	42	30	-64.76
gain	30	43	-57.73
gain	43	30	-56.22
gain	30	44	-61.69
gain	44	30	-64.45
gain	30	45	-62.31
gain	45	30	-62.49
gain	30	46	-69.06
gain	46	30	-70.46
gain	30	47	-75.98
gain	47	30	-76.36
gain	30	48	-75.26
gain	48	30	-82.84
gain	31	32	-60.00
gain	32	31	-65.38
gain	31	33	-64.51
gain	33	31	-63.67
gain	31	34	-77.39
gain	34	31	-74.90
gain	31	35	-67.40
gain	35	31	-65.49
gain	31	36	-62.14
gain	36	31	-59.99
gain	31	37	-56.41
gain	37	31	-55.86
gain	31	38	-59.96
gain	38	31	-60.84
gain	31	39	-53.93
gain	39	31	-51.20
gain	31	40	-65.82
gain	40	31	-64.40
gain	31	41	-70.67
gain	41	31	-69.58
gain	31	42	-74.09
gain	42	31	-73.39
gain	31	43	-66.41
gain	43	31	-62.97
gain	31	44	-67.73
gain	44	31	-68.56
gain	31	45	-65.33
gain	45	31	-63.57
gain	31	46	-79.50
gain	46	31	-78.96
gain	31	47	-67.62
gain	47	31	-66.07
gain	31	48	-76.67
gain	48	31	-82.32
gain	32	33	-65.36
gain	33	32	-59.15
gain	32	34	-66.84
gain	34	32	-58.98
gain	32	35	-83.46
gain	35	32	-76.18
gain	32	36	-73.72
gain	36	32	-66.20
gain	32	37	-69.66
gain	37	32	-63.73
gain	32	38	-68.82
gain	38	32	-64.33
gain	32	39	-62.54
gain	39	32	-54.43
gain	32	40	-67.69
gain	40	32	-60.91
gain	32	41	-66.63
gain	41	32	-60.16
gain	32	42	-83.52
gain	42	32	-77.45
gain	32	43	-78.11
gain	43	32	-69.29
gain	32	44	-78.97
gain	44	32	-74.42
gain	32	45	-71.34
gain	45	32	-64.21
gain	32	46	-65.53
gain	46	32	-59.62
gain	32	47	-68.64
gain	47	32	-61.70
gain	32	48	-81.79
gain	48	32	-82.07
gain	33	34	-56.53
gain	34	33	-54.88
gain	33	35	-74.92
gain	35	33	-73.85
gain	33	36	-79.56
gain	36	33	-78.26
gain	33	37	-64.82
gain	37	33	-65.11
gain	33	38	-68.46
gain	38	33	-70.18
gain	33	39	-60.02
gain	39	33	-58.12
gain	33	40	-56.52
gain	40	33	-55.95
gain	33	41	-65.00
gain	41	33	-64.74
gain	33	42	-78.95
gain	42	33	-79.09
gain	33	43	-78.87
gain	43	33	-76.26
gain	33	44	-75.48
gain	44	33	-77.15
gain	33	45	-73.23
gain	45	33	-72.31
gain	33	46	-58.52
gain	46	33	-58.82
gain	33	47	-62.71
gain	47	33	-61.99
gain	33	48	-65.41
gain	48	33	-71.90
gain	34	35	-72.43
gain	35	34	-73.00
gain	34	36	-79.34
gain	36	34	-79.68
gain	34	37	-66.17
gain	37	34	-68.10
gain	34	38	-70.36
gain	38	34	-73.73
gain	34	39	-61.34
gain	39	34	-61.09
gain	34	40	-52.32
gain	40	34	-53.39
gain	34	41	-51.02
gain	41	34	-52.42
gain	34	42	-74.77
gain	42	34	-76.56
gain	34	43	-69.08
gain	43	34	-68.12
gain	34	44	-76.22
gain	44	34	-79.53
gain	34	45	-63.43
gain	45	34	-64.17
gain	34	46	-67.20
gain	46	34	-69.15
gain	34	47	-61.14
gain	47	34	-62.07
gain	34	48	-68.07
gain	48	34	-76.21
gain	35	36	-49.07
gain	36	35	-48.83
gain	35	37	-66.57
gain	37	35	-67.92
gain	35	38	-69.56
gain	38	35	-72.35
gain	35	39	-70.27
gain	39	35	-69.44
gain	35	40	-67.04
gain	40	35	-67.54
gain	35	41	-77.48
gain	41	35	-78.30
gain	35	42	-52.20
gain	42	35	-53.42
gain	35	43	-56.79
gain	43	35	-55.26
gain	35	44	-68.77
gain	44	35	-71.50
gain	35	45	-72.09
gain	45	35	-72.25
gain	35	46	-74.08
gain	46	35	-75.46
gain	35	47	-75.14
gain	47	35	-75.49
gain	35	48	-79.32
gain	48	35	-86.88
gain	36	37	-50.45
gain	37	36	-52.04
gain	36	38	-59.72
gain	38	36	-62.75
gain	36	39	-66.86
gain	39	36	-66.27
gain	36	40	-78.47
gain	40	36	-79.21
gain	36	41	-76.34
gain	41	36	-77.39
gain	36	42	-57.38
gain	42	36	-58.83
gain	36	43	-57.44
gain	43	36	-56.14
gain	36	44	-55.99
gain	44	36	-58.96
gain	36	45	-59.31
gain	45	36	-59.70
gain	36	46	-69.66
gain	46	36	-71.27
gain	36	47	-70.13
gain	47	36	-70.72
gain	36	48	-77.76
gain	48	36	-85.56
gain	37	38	-55.90
gain	38	37	-57.34
gain	37	39	-64.31
gain	39	37	-62.12
gain	37	40	-76.59
gain	40	37	-75.74
gain	37	41	-79.63
gain	41	37	-79.09
gain	37	42	-70.44
gain	42	37	-70.29
gain	37	43	-61.08
gain	43	37	-58.19
gain	37	44	-56.50
gain	44	37	-57.88
gain	37	45	-59.51
gain	45	37	-58.31
gain	37	46	-71.50
gain	46	37	-71.51
gain	37	47	-74.56
gain	47	37	-73.56
gain	37	48	-64.62
gain	48	37	-70.83
gain	38	39	-55.33
gain	39	38	-51.71
gain	38	40	-69.94
gain	40	38	-67.64
gain	38	41	-66.25
gain	41	38	-64.28
gain	38	42	-72.15
gain	42	38	-70.57
gain	38	43	-69.03
gain	43	38	-64.71
gain	38	44	-57.75
gain	44	38	-57.70
gain	38	45	-49.03
gain	45	38	-46.40
gain	38	46	-59.19
gain	46	38	-57.77
gain	38	47	-63.81
gain	47	38	-61.37
gain	38	48	-78.29
gain	48	38	-83.06
gain	39	40	-53.47
gain	40	39	-54.80
gain	39	41	-57.48
gain	41	39	-59.13
gain	39	42	-66.43
gain	42	39	-68.47
gain	39	43	-72.75
gain	43	39	-72.05
gain	39	44	-69.87
gain	44	39	-73.43
gain	39	45	-60.24
gain	45	39	-61.23
gain	39	46	-51.19
gain	46	39	-53.39
gain	39	47	-56.36
gain	47	39	-57.54
gain	39	48	-65.21
gain	48	39	-73.61
gain	40	41	-51.50
gain	41	40	-51.82
gain	40	42	-70.22
gain	42	40	-70.93
gain	40	43	-77.49
gain	43	40	-75.45
gain	40	44	-72.13
gain	44	40	-74.36
gain	40	45	-64.52
gain	45	40	-64.18
gain	40	46	-56.15
gain	46	40	-57.02
gain	40	47	-58.13
gain	47	40	-57.98
gain	40	48	-59.42
gain	48	40	-66.48
gain	41	42	-73.68
gain	42	41	-74.07
gain	41	43	-81.26
gain	43	41	-78.91
gain	41	44	-73.50
gain	44	41	-75.42
gain	41	45	-72.95
gain	45	41	-72.29
gain	41	46	-62.02
gain	46	41	-62.57
gain	41	47	-62.71
gain	47	41	-62.25
gain	41	48	-55.68
gain	48	41	-62.43
gain	42	43	-59.09
gain	43	42	-56.34
gain	42	44	-64.90
gain	44	42	-66.43
gain	42	45	-73.32
gain	45	42	-72.26
gain	42	46	-73.03
gain	46	42	-73.19
gain	42	47	-71.69
gain	47	42	-70.83
gain	42	48	-67.21
gain	48	42	-73.57
gain	43	44	-53.49
gain	44	43	-57.76
gain	43	45	-58.65
gain	45	43	-60.34
gain	43	46	-63.56
gain	46	43	-66.47
gain	43	47	-74.27
gain	47	43	-76.16
gain	43	48	-78.63
gain	48	43	-87.73
gain	44	45	-60.56
gain	45	44	-57.98
gain	44	46	-67.59
gain	46	44	-66.23
gain	44	47	-67.24
gain	47	44	-64.86
gain	44	48	-74.88
gain	48	44	-79.72
gain	45	46	-49.02
gain	46	45	-50.24
gain	45	47	-56.74
gain	47	45	-56.93
gain	45	48	-70.59
gain	48	45	-78.00
gain	46	47	-54.20
gain	47	46	-53.18
gain	46	48	-64.82
gain	48	46	-71.02
gain	47	48	-52.26
gain	48	47	-59.47
noise	0	-102.30	4.00
noise	1	-107.59	4.00
noise	2	-106.47	4.00
noise	3	-104.68	4.00
noise	4	-103.39	4.00
noise	5	-104.12	4.00
noise	6	-106.78	4.00
noise	7	-102.69	4.00
noise	8	-103.25	4.00
noise	9	-105.02	4.00
noise	10	-112.72	4.00
noise	11	-106.01	4.00
noise	12	-104.62	4.00
noise	13	-106.95	4.00
noise	14	-106.31	4.00
noise	15	-104.04	4.00
noise	16	-103.10	4.00
noise	17	-106.65	4.00
noise	18	-104.67	4.00
noise	19	-106.75	4.00
noise	20	-101.46	4.00
noise	21	-105.48	4.00
noise	22	-102.15	4.00
noise	23	-105.12	4.00
noise	24	-100.77	4.00
noise	25	-105.37	4.00
noise	26	-105.83	4.00
noise	27	-105.96	4.00
noise	28	-105.05	4.00
noise	29	-102.55	4.00
noise	30	-104.61	4.00
noise	31	-107.10	4.00
noise	32	-102.63	4.00
noise	33	-101.72	4.00
noise	34	-105.68	4.00
noise	35	-103.59	4.00
noise	36	-107.60	4.00
noise	37	-104.52	4.00
noise	38	-102.39	4.00
noise	39	-106.21	4.00
noise	40	-103.84	4.00
noise	41	-103.38	4.00
noise	42	-102.43	4.00
noise	43	-104.47	4.00
noise	44	-104.00	4.00
noise	45	-103.35	4.00
noise	46	-105.62	4.00
noise	47	-104.63	4.00
noise	48	-102.43	4.00
